#
# A fatal error has been detected by the Java Runtime Environment:
#
#  EXCEPTION_ACCESS_VIOLATION (0xc0000005) at pc=0x0000000050b76df8, pid=9096, tid=6784
#
# JRE version: Java(TM) SE Runtime Environment (7.0_79-b15) (build 1.7.0_79-b15)
# Java VM: Java HotSpot(TM) 64-Bit Server VM (24.79-b02 mixed mode windows-amd64 compressed oops)
# Problematic frame:
# V  [jvm.dll+0x116df8]
#
# Failed to write core dump. Minidumps are not enabled by default on client versions of Windows
#
# If you would like to submit a bug report, please visit:
#   http://bugreport.java.com/bugreport/crash.jsp
#

---------------  T H R E A D  ---------------

Current thread (0x0000000002192000):  GCTaskThread [stack: 0x0000000006780000,0x0000000006880000] [id=6784]

siginfo: ExceptionCode=0xc0000005, reading address 0xffffffffffffffff

Registers:
RAX=0x0000000006af0000, RBX=0x00000000000001b4, RCX=0x0000000000000000, RDX=0x0000000000000004
RSP=0x000000000687f6a0, RBP=0x000000000f6c9580, RSI=0x00000007bc295588, RDI=0x0000000000000020
R8 =0x007ffffffc829000, R9 =0x0000000000000000, R10=0x000000000000000c, R11=0x0000000000000000
R12=0x00000007bc295590, R13=0x0000000000000012, R14=0x00000007bc295538, R15=0x0000000000000012
RIP=0x0000000050b76df8, EFLAGS=0x0000000000010202

Top of Stack: (sp=0x000000000687f6a0)
0x000000000687f6a0:   00000007bc295538 0000000050b50689
0x000000000687f6b0:   00000007bc295538 00000007bc295534
0x000000000687f6c0:   000000000f6c9580 0000000050b770fd
0x000000000687f6d0:   0000000000000000 0000000002192630
0x000000000687f6e0:   000000000218da10 00000007bc295538
0x000000000687f6f0:   00000000000001b4 0000000050dfb1dc
0x000000000687f700:   000000000f6c9580 0000036000000015
0x000000000687f710:   00000000510280c0 00000000510280c0
0x000000000687f720:   0000036000000015 0000000000000009
0x000000000687f730:   00000007bc283d50 0000000000000400
0x000000000687f740:   000000070057b090 0000000050b50689
0x000000000687f750:   00000007005f4238 000000000218da10
0x000000000687f760:   0000000002192640 0000000002192630
0x000000000687f770:   00000000510280c0 0000000000000002
0x000000000687f780:   0000000014000f20 0000000000000000
0x000000000687f790:   000000000f6c9580 0000000050df8bd0 

Instructions: (pc=0x0000000050b76df8)
0x0000000050b76dd8:   05 33 91 64 00 49 c1 e8 03 49 d3 e8 41 0f b6 c0
0x0000000050b76de8:   49 c1 e8 06 24 3f 0f b6 d0 48 8b 05 48 91 64 00
0x0000000050b76df8:   4a 8b 0c c0 48 0f a3 d1 72 3e 48 8b cf e8 b6 c5
0x0000000050b76e08:   fb ff 84 c0 74 32 48 8b d7 48 8b cd e8 37 c1 fb 


Register to memory mapping:

RAX=0x0000000006af0000 is an unknown value
RBX=0x00000000000001b4 is an unknown value
RCX=0x0000000000000000 is an unknown value
RDX=0x0000000000000004 is an unknown value
RSP=0x000000000687f6a0 is an unknown value
RBP=0x000000000f6c9580 is an unknown value
RSI=0x00000007bc295588 is an unknown value
RDI=0x0000000000000020 is an unknown value
R8 =0x007ffffffc829000 is an unknown value
R9 =0x0000000000000000 is an unknown value
R10=0x000000000000000c is an unknown value
R11=0x0000000000000000 is an unknown value
R12=0x00000007bc295590 is an oop
com.android.dx.dex.code.CodeAddress 
 - klass: 'com/android/dx/dex/code/CodeAddress'
R13=0x0000000000000012 is an unknown value
R14=0x00000007bc295538 is an oop
[Lcom.android.dx.rop.code.RegisterSpec; 
 - klass: 'com/android/dx/rop/code/RegisterSpec'[]
 - length: 18
R15=0x0000000000000012 is an unknown value


Stack: [0x0000000006780000,0x0000000006880000],  sp=0x000000000687f6a0,  free space=1021k
Native frames: (J=compiled Java code, j=interpreted, Vv=VM code, C=native code)
V  [jvm.dll+0x116df8]


---------------  P R O C E S S  ---------------

Java Threads: ( => current thread )
  0x0000000011481000 JavaThread "pool-2-thread-4" [_thread_blocked, id=848, stack(0x0000000012050000,0x0000000012150000)]
  0x0000000011480000 JavaThread "pool-2-thread-3" [_thread_blocked, id=4888, stack(0x0000000011e40000,0x0000000011f40000)]
  0x00000000114e4800 JavaThread "pool-2-thread-2" [_thread_blocked, id=8728, stack(0x0000000011d30000,0x0000000011e30000)]
  0x000000001146f000 JavaThread "pool-3-thread-1" [_thread_blocked, id=9748, stack(0x0000000011c00000,0x0000000011d00000)]
  0x00000000114c3000 JavaThread "pool-2-thread-1" [_thread_blocked, id=3472, stack(0x00000000119a0000,0x0000000011aa0000)]
  0x000000000f7a2800 JavaThread "Service Thread" daemon [_thread_blocked, id=8820, stack(0x0000000010fd0000,0x00000000110d0000)]
  0x000000000f79a000 JavaThread "C2 CompilerThread1" daemon [_thread_blocked, id=9068, stack(0x0000000010e70000,0x0000000010f70000)]
  0x000000000f793800 JavaThread "C2 CompilerThread0" daemon [_thread_blocked, id=10052, stack(0x0000000010b20000,0x0000000010c20000)]
  0x000000000f790800 JavaThread "Attach Listener" daemon [_thread_blocked, id=7360, stack(0x0000000010c20000,0x0000000010d20000)]
  0x000000000f78b800 JavaThread "Signal Dispatcher" daemon [_thread_blocked, id=4372, stack(0x00000000109e0000,0x0000000010ae0000)]
  0x000000000f739800 JavaThread "Finalizer" daemon [_thread_blocked, id=5272, stack(0x00000000108e0000,0x00000000109e0000)]
  0x000000000f732800 JavaThread "Reference Handler" daemon [_thread_blocked, id=8756, stack(0x0000000010640000,0x0000000010740000)]
  0x000000000233e800 JavaThread "main" [_thread_blocked, id=948, stack(0x0000000002600000,0x0000000002700000)]

Other Threads:
  0x000000000f72f800 VMThread [stack: 0x0000000010760000,0x0000000010860000] [id=4812]
  0x000000000f7ac000 WatcherThread [stack: 0x00000000111b0000,0x00000000112b0000] [id=5276]

=>0x0000000002192000 (exited) GCTaskThread [stack: 0x0000000006780000,0x0000000006880000] [id=6784]

VM state:at safepoint (normal execution)

VM Mutex/Monitor currently owned by a thread:  ([mutex/lock_event])
[0x000000000233cbc0] Threads_lock - owner thread: 0x000000000f72f800
[0x000000000233d0c0] Heap_lock - owner thread: 0x00000000114e4800

Heap
 PSYoungGen      total 291840K, used 29686K [0x00000007aaa80000, 0x00000007d0e80000, 0x0000000800000000)
  eden space 262144K, 0% used [0x00000007aaa80000,0x00000007aaa80000,0x00000007baa80000)
  from space 29696K, 99% used [0x00000007baa80000,0x00000007bc77d8c0,0x00000007bc780000)
  to   space 51200K, 0% used [0x00000007cdc80000,0x00000007cdc80000,0x00000007d0e80000)
 ParOldGen       total 86528K, used 82698K [0x0000000700000000, 0x0000000705480000, 0x00000007aaa80000)
  object space 86528K, 95% used [0x0000000700000000,0x00000007050c2828,0x0000000705480000)
 PSPermGen       total 21504K, used 6043K [0x00000006fae00000, 0x00000006fc300000, 0x0000000700000000)
  object space 21504K, 28% used [0x00000006fae00000,0x00000006fb3e6e58,0x00000006fc300000)

Card table byte_map: [0x0000000005700000,0x0000000005f30000] byte_map_base: 0x0000000001f29000

Polling page: 0x0000000000230000

Code Cache  [0x0000000002700000, 0x0000000002a50000, 0x0000000005700000)
 total_blobs=1110 nmethods=873 adapters=189 free_code_cache=45830Kb largest_free_block=46868544

Compilation events (10 events):
Event: 5.147 Thread 0x000000000f79a000 nmethod 883 0x0000000002a3fcd0 code [0x0000000002a3fe20, 0x0000000002a3ff78]
Event: 5.147 Thread 0x000000000f79a000  884             com.android.dx.rop.code.PlainInsn::<init> (13 bytes)
Event: 5.149 Thread 0x000000000f79a000 nmethod 884 0x0000000002a24690 code [0x0000000002a247e0, 0x0000000002a24a58]
Event: 5.149 Thread 0x000000000f79a000  885             com.android.dx.rop.cst.CstType::hashCode (8 bytes)
Event: 5.152 Thread 0x000000000f79a000 nmethod 885 0x0000000002a24290 code [0x0000000002a243e0, 0x0000000002a24578]
Event: 5.152 Thread 0x000000000f79a000  886             com.android.dx.rop.cst.CstBaseMethodRef::<init> (31 bytes)
Event: 5.153 Thread 0x000000000f79a000 nmethod 886 0x0000000002a23e90 code [0x0000000002a23fe0, 0x0000000002a24128]
Event: 5.153 Thread 0x000000000f79a000  887             com.android.dx.rop.type.Type::isIntlike (56 bytes)
Event: 5.153 Thread 0x000000000f79a000 nmethod 887 0x0000000002a3fa90 code [0x0000000002a3fbc0, 0x0000000002a3fc58]
Event: 5.153 Thread 0x000000000f79a000  888   !         com.android.dx.cf.direct.MemberListParser::parse (641 bytes)

GC Heap History (10 events):
Event: 2.059 GC heap after
Heap after GC invocations=3 (full 0):
 PSYoungGen      total 71680K, used 5119K [0x00000007aaa80000, 0x00000007b3680000, 0x0000000800000000)
  eden space 66560K, 0% used [0x00000007aaa80000,0x00000007aaa80000,0x00000007aeb80000)
  from space 5120K, 99% used [0x00000007aeb80000,0x00000007af07feb8,0x00000007af080000)
  to   space 5120K, 0% used [0x00000007b3180000,0x00000007b3180000,0x00000007b3680000)
 ParOldGen       total 86528K, used 19539K [0x0000000700000000, 0x0000000705480000, 0x00000007aaa80000)
  object space 86528K, 22% used [0x0000000700000000,0x0000000701314d50,0x0000000705480000)
 PSPermGen       total 21504K, used 5888K [0x00000006fae00000, 0x00000006fc300000, 0x0000000700000000)
  object space 21504K, 27% used [0x00000006fae00000,0x00000006fb3c0038,0x00000006fc300000)
}
Event: 2.823 GC heap before
{Heap before GC invocations=4 (full 0):
 PSYoungGen      total 71680K, used 71679K [0x00000007aaa80000, 0x00000007b3680000, 0x0000000800000000)
  eden space 66560K, 100% used [0x00000007aaa80000,0x00000007aeb80000,0x00000007aeb80000)
  from space 5120K, 99% used [0x00000007aeb80000,0x00000007af07feb8,0x00000007af080000)
  to   space 5120K, 0% used [0x00000007b3180000,0x00000007b3180000,0x00000007b3680000)
 ParOldGen       total 86528K, used 19539K [0x0000000700000000, 0x0000000705480000, 0x00000007aaa80000)
  object space 86528K, 22% used [0x0000000700000000,0x0000000701314d50,0x0000000705480000)
 PSPermGen       total 21504K, used 5931K [0x00000006fae00000, 0x00000006fc300000, 0x0000000700000000)
  object space 21504K, 27% used [0x00000006fae00000,0x00000006fb3cad78,0x00000006fc300000)
Event: 2.845 GC heap after
Heap after GC invocations=4 (full 0):
 PSYoungGen      total 138240K, used 5119K [0x00000007aaa80000, 0x00000007b3680000, 0x0000000800000000)
  eden space 133120K, 0% used [0x00000007aaa80000,0x00000007aaa80000,0x00000007b2c80000)
  from space 5120K, 99% used [0x00000007b3180000,0x00000007b367ff40,0x00000007b3680000)
  to   space 5120K, 0% used [0x00000007b2c80000,0x00000007b2c80000,0x00000007b3180000)
 ParOldGen       total 86528K, used 29801K [0x0000000700000000, 0x0000000705480000, 0x00000007aaa80000)
  object space 86528K, 34% used [0x0000000700000000,0x0000000701d1a508,0x0000000705480000)
 PSPermGen       total 21504K, used 5931K [0x00000006fae00000, 0x00000006fc300000, 0x0000000700000000)
  object space 21504K, 27% used [0x00000006fae00000,0x00000006fb3cad78,0x00000006fc300000)
}
Event: 3.784 GC heap before
{Heap before GC invocations=5 (full 0):
 PSYoungGen      total 138240K, used 138239K [0x00000007aaa80000, 0x00000007b3680000, 0x0000000800000000)
  eden space 133120K, 100% used [0x00000007aaa80000,0x00000007b2c80000,0x00000007b2c80000)
  from space 5120K, 99% used [0x00000007b3180000,0x00000007b367ff40,0x00000007b3680000)
  to   space 5120K, 0% used [0x00000007b2c80000,0x00000007b2c80000,0x00000007b3180000)
 ParOldGen       total 86528K, used 29801K [0x0000000700000000, 0x0000000705480000, 0x00000007aaa80000)
  object space 86528K, 34% used [0x0000000700000000,0x0000000701d1a508,0x0000000705480000)
 PSPermGen       total 21504K, used 5972K [0x00000006fae00000, 0x00000006fc300000, 0x0000000700000000)
  object space 21504K, 27% used [0x00000006fae00000,0x00000006fb3d5120,0x00000006fc300000)
Event: 3.817 GC heap after
Heap after GC invocations=5 (full 0):
 PSYoungGen      total 138240K, used 5114K [0x00000007aaa80000, 0x00000007be080000, 0x0000000800000000)
  eden space 133120K, 0% used [0x00000007aaa80000,0x00000007aaa80000,0x00000007b2c80000)
  from space 5120K, 99% used [0x00000007b2c80000,0x00000007b317e940,0x00000007b3180000)
  to   space 25600K, 0% used [0x00000007bc780000,0x00000007bc780000,0x00000007be080000)
 ParOldGen       total 86528K, used 49116K [0x0000000700000000, 0x0000000705480000, 0x00000007aaa80000)
  object space 86528K, 56% used [0x0000000700000000,0x0000000702ff7320,0x0000000705480000)
 PSPermGen       total 21504K, used 5972K [0x00000006fae00000, 0x00000006fc300000, 0x0000000700000000)
  object space 21504K, 27% used [0x00000006fae00000,0x00000006fb3d5120,0x00000006fc300000)
}
Event: 4.301 GC heap before
{Heap before GC invocations=6 (full 0):
 PSYoungGen      total 138240K, used 138234K [0x00000007aaa80000, 0x00000007be080000, 0x0000000800000000)
  eden space 133120K, 100% used [0x00000007aaa80000,0x00000007b2c80000,0x00000007b2c80000)
  from space 5120K, 99% used [0x00000007b2c80000,0x00000007b317e940,0x00000007b3180000)
  to   space 25600K, 0% used [0x00000007bc780000,0x00000007bc780000,0x00000007be080000)
 ParOldGen       total 86528K, used 49116K [0x0000000700000000, 0x0000000705480000, 0x00000007aaa80000)
  object space 86528K, 56% used [0x0000000700000000,0x0000000702ff7320,0x0000000705480000)
 PSPermGen       total 21504K, used 6026K [0x00000006fae00000, 0x00000006fc300000, 0x0000000700000000)
  object space 21504K, 28% used [0x00000006fae00000,0x00000006fb3e2b28,0x00000006fc300000)
Event: 4.341 GC heap after
Heap after GC invocations=6 (full 0):
 PSYoungGen      total 287744K, used 24565K [0x00000007aaa80000, 0x00000007be880000, 0x0000000800000000)
  eden space 262144K, 0% used [0x00000007aaa80000,0x00000007aaa80000,0x00000007baa80000)
  from space 25600K, 95% used [0x00000007bc780000,0x00000007bdf7d510,0x00000007be080000)
  to   space 29696K, 0% used [0x00000007baa80000,0x00000007baa80000,0x00000007bc780000)
 ParOldGen       total 86528K, used 49116K [0x0000000700000000, 0x0000000705480000, 0x00000007aaa80000)
  object space 86528K, 56% used [0x0000000700000000,0x0000000702ff7320,0x0000000705480000)
 PSPermGen       total 21504K, used 6026K [0x00000006fae00000, 0x00000006fc300000, 0x0000000700000000)
  object space 21504K, 28% used [0x00000006fae00000,0x00000006fb3e2b28,0x00000006fc300000)
}
Event: 5.182 GC heap before
{Heap before GC invocations=7 (full 0):
 PSYoungGen      total 287744K, used 286709K [0x00000007aaa80000, 0x00000007be880000, 0x0000000800000000)
  eden space 262144K, 100% used [0x00000007aaa80000,0x00000007baa80000,0x00000007baa80000)
  from space 25600K, 95% used [0x00000007bc780000,0x00000007bdf7d510,0x00000007be080000)
  to   space 29696K, 0% used [0x00000007baa80000,0x00000007baa80000,0x00000007bc780000)
 ParOldGen       total 86528K, used 49116K [0x0000000700000000, 0x0000000705480000, 0x00000007aaa80000)
  object space 86528K, 56% used [0x0000000700000000,0x0000000702ff7320,0x0000000705480000)
 PSPermGen       total 21504K, used 6043K [0x00000006fae00000, 0x00000006fc300000, 0x0000000700000000)
  object space 21504K, 28% used [0x00000006fae00000,0x00000006fb3e6e58,0x00000006fc300000)
Event: 5.273 GC heap after
Heap after GC invocations=7 (full 0):
 PSYoungGen      total 291840K, used 29686K [0x00000007aaa80000, 0x00000007d0e80000, 0x0000000800000000)
  eden space 262144K, 0% used [0x00000007aaa80000,0x00000007aaa80000,0x00000007baa80000)
  from space 29696K, 99% used [0x00000007baa80000,0x00000007bc77d8c0,0x00000007bc780000)
  to   space 51200K, 0% used [0x00000007cdc80000,0x00000007cdc80000,0x00000007d0e80000)
 ParOldGen       total 86528K, used 82698K [0x0000000700000000, 0x0000000705480000, 0x00000007aaa80000)
  object space 86528K, 95% used [0x0000000700000000,0x00000007050c2828,0x0000000705480000)
 PSPermGen       total 21504K, used 6043K [0x00000006fae00000, 0x00000006fc300000, 0x0000000700000000)
  object space 21504K, 28% used [0x00000006fae00000,0x00000006fb3e6e58,0x00000006fc300000)
}
Event: 5.273 GC heap before
{Heap before GC invocations=8 (full 1):
 PSYoungGen      total 291840K, used 29686K [0x00000007aaa80000, 0x00000007d0e80000, 0x0000000800000000)
  eden space 262144K, 0% used [0x00000007aaa80000,0x00000007aaa80000,0x00000007baa80000)
  from space 29696K, 99% used [0x00000007baa80000,0x00000007bc77d8c0,0x00000007bc780000)
  to   space 51200K, 0% used [0x00000007cdc80000,0x00000007cdc80000,0x00000007d0e80000)
 ParOldGen       total 86528K, used 82698K [0x0000000700000000, 0x0000000705480000, 0x00000007aaa80000)
  object space 86528K, 95% used [0x0000000700000000,0x00000007050c2828,0x0000000705480000)
 PSPermGen       total 21504K, used 6043K [0x00000006fae00000, 0x00000006fc300000, 0x0000000700000000)
  object space 21504K, 28% used [0x00000006fae00000,0x00000006fb3e6e58,0x00000006fc300000)

Deoptimization events (10 events):
Event: 3.852 Thread 0x00000000114e4800 Uncommon trap: reason=unreached action=reinterpret pc=0x00000000028ee380 method=com.android.dx.cf.code.RopperMachine.run(Lcom/android/dx/cf/code/Frame;II)V @ 1500
Event: 3.988 Thread 0x0000000011480000 Uncommon trap: reason=unreached action=reinterpret pc=0x0000000002849a50 method=com.android.dx.ssa.MoveParamCombiner$1.visitNonMoveInsn(Lcom/android/dx/ssa/NormalSsaInsn;)V @ 27
Event: 4.101 Thread 0x0000000011480000 Uncommon trap: reason=unloaded action=reinterpret pc=0x0000000002875784 method=com.android.dx.ssa.LiteralOpUpgrader$1.visitNonMoveInsn(Lcom/android/dx/ssa/NormalSsaInsn;)V @ 72
Event: 4.155 Thread 0x0000000011480000 Uncommon trap: reason=bimorphic action=maybe_recompile pc=0x0000000002803924 method=com.android.dx.ssa.SCCP.simulatePhi(Lcom/android/dx/ssa/PhiInsn;)V @ 124
Event: 4.612 Thread 0x0000000011480000 Uncommon trap: reason=bimorphic action=maybe_recompile pc=0x00000000029dea80 method=com.android.dx.cf.code.BytecodeArray.parseInstruction(ILcom/android/dx/cf/code/BytecodeArray$Visitor;)I @ 971
Event: 4.612 Thread 0x0000000011480000 Uncommon trap: reason=bimorphic action=maybe_recompile pc=0x00000000029deb00 method=com.android.dx.cf.code.BytecodeArray.parseInstruction(ILcom/android/dx/cf/code/BytecodeArray$Visitor;)I @ 987
Event: 4.612 Thread 0x0000000011480000 Uncommon trap: reason=bimorphic action=maybe_recompile pc=0x00000000029dea80 method=com.android.dx.cf.code.BytecodeArray.parseInstruction(ILcom/android/dx/cf/code/BytecodeArray$Visitor;)I @ 971
Event: 4.612 Thread 0x0000000011480000 Uncommon trap: reason=bimorphic action=maybe_recompile pc=0x00000000029deb00 method=com.android.dx.cf.code.BytecodeArray.parseInstruction(ILcom/android/dx/cf/code/BytecodeArray$Visitor;)I @ 987
Event: 4.699 Thread 0x0000000011481000 Uncommon trap: reason=class_check action=maybe_recompile pc=0x00000000027b6548 method=com.android.dx.ssa.SCCP.replaceConstants()V @ 182
Event: 4.718 Thread 0x000000000233e800 Uncommon trap: reason=unreached action=reinterpret pc=0x00000000027c0a70 method=com.android.dx.cf.direct.StdAttributeFactory.parse0(Lcom/android/dx/cf/direct/DirectClassFile;ILjava/lang/String;IILcom/android/dx/cf/iface/ParseObserver;)Lcom/android/dx/cf/if‡âÔU‰œ@

Internal exceptions (10 events):
Event: 0.647 Thread 0x0000000011480000 Implicit null exception at 0x00000000027990e2 to 0x00000000027991dd
Event: 0.722 Thread 0x000000000233e800 Threw 0x00000007aaf63610 at C:\re\jdk7u79\2331\hotspot\src\share\vm\prims\jvm.cpp:1304
Event: 0.938 Thread 0x00000000114e4800 Implicit null exception at 0x00000000027c7879 to 0x00000000027c8d85
Event: 1.136 Thread 0x00000000114e4800 Threw 0x00000007ab3ab538 at C:\re\jdk7u79\2331\hotspot\src\share\vm\prims\jvm.cpp:1304
Event: 1.242 Thread 0x000000000233e800 Implicit null exception at 0x00000000027ee540 to 0x00000000027ef409
Event: 1.521 Thread 0x0000000011480000 Implicit null exception at 0x00000000027be63b to 0x00000000027bf2bd
Event: 1.606 Thread 0x00000000114c3000 Implicit null exception at 0x00000000027c1811 to 0x00000000027c238d
Event: 2.345 Thread 0x000000000233e800 Threw 0x00000007abdb27a0 at C:\re\jdk7u79\2331\hotspot\src\share\vm\prims\jvm.cpp:1304
Event: 3.599 Thread 0x000000000233e800 Implicit null exception at 0x000000000296a65c to 0x000000000296e29d
Event: 4.101 Thread 0x0000000011480000 Threw 0x00000007af657730 at C:\re\jdk7u79\2331\hotspot\src\share\vm\prims\jvm.cpp:1304

Events (10 events):
Event: 4.612 Thread 0x0000000011480000 Uncommon trap: trap_request=0xffffffc6 fr.pc=0x00000000029deb00
Event: 4.612 Thread 0x0000000011480000 DEOPT PACKING pc=0x00000000029deb00 sp=0x0000000011f3ef50
Event: 4.612 Thread 0x0000000011480000 DEOPT UNPACKING pc=0x00000000027375a4 sp=0x0000000011f3eee8 mode 2
Event: 4.699 Thread 0x0000000011481000 Uncommon trap: trap_request=0xffffffde fr.pc=0x00000000027b6548
Event: 4.699 Thread 0x0000000011481000 DEOPT PACKING pc=0x00000000027b6548 sp=0x000000001214ead0
Event: 4.699 Thread 0x0000000011481000 DEOPT UNPACKING pc=0x00000000027375a4 sp=0x000000001214ea38 mode 2
Event: 4.718 Thread 0x000000000233e800 Uncommon trap: trap_request=0xffffffad fr.pc=0x00000000027c0a70
Event: 4.718 Thread 0x000000000233e800 DEOPT PACKING pc=0x00000000027c0a70 sp=0x00000000026feae0
Event: 4.719 Thread 0x000000000233e800 DEOPT UNPACKING pc=0x00000000027375a4 sp=0x00000000026fea78 mode 2
Event: 5.181 Executing VM operation: ParallelGCFailedAllocation


Dynamic libraries:
0x000000013fa70000 - 0x000000013faa3000 	C:\Program Files\Java\jdk1.7.0_79\bin\java.exe
0x00000000774e0000 - 0x000000007768a000 	C:\Windows\SYSTEM32\ntdll.dll
0x00000000772c0000 - 0x00000000773df000 	C:\Windows\system32\kernel32.dll
0x000007fefd550000 - 0x000007fefd5ba000 	C:\Windows\system32\KERNELBASE.dll
0x000007fefe960000 - 0x000007fefea3b000 	C:\Windows\system32\ADVAPI32.dll
0x000007feff2e0000 - 0x000007feff37f000 	C:\Windows\system32\msvcrt.dll
0x000007feff7d0000 - 0x000007feff7ef000 	C:\Windows\SYSTEM32\sechost.dll
0x000007feff1b0000 - 0x000007feff2dd000 	C:\Windows\system32\RPCRT4.dll
0x00000000773e0000 - 0x00000000774da000 	C:\Windows\system32\USER32.dll
0x000007feff420000 - 0x000007feff487000 	C:\Windows\system32\GDI32.dll
0x000007fefed40000 - 0x000007fefed4e000 	C:\Windows\system32\LPK.dll
0x000007fefec70000 - 0x000007fefed3a000 	C:\Windows\system32\USP10.dll
0x000007fefbdb0000 - 0x000007fefbfa4000 	C:\Windows\WinSxS\amd64_microsoft.windows.common-controls_6595b64144ccf1df_6.0.7601.18837_none_fa3b1e3d17594757\COMCTL32.dll
0x000007fefdb00000 - 0x000007fefdb71000 	C:\Windows\system32\SHLWAPI.dll
0x000007feff180000 - 0x000007feff1ae000 	C:\Windows\system32\IMM32.DLL
0x000007fefef90000 - 0x000007feff099000 	C:\Windows\system32\MSCTF.dll
0x0000000050000000 - 0x00000000500d2000 	C:\Program Files\Java\jdk1.7.0_79\jre\bin\msvcr100.dll
0x0000000050a60000 - 0x0000000051235000 	C:\Program Files\Java\jdk1.7.0_79\jre\bin\server\jvm.dll
0x000007fef05a0000 - 0x000007fef05a9000 	C:\Windows\system32\WSOCK32.dll
0x000007fefdb80000 - 0x000007fefdbcd000 	C:\Windows\system32\WS2_32.dll
0x000007feff7c0000 - 0x000007feff7c8000 	C:\Windows\system32\NSI.dll
0x000007fefb360000 - 0x000007fefb39b000 	C:\Windows\system32\WINMM.dll
0x00000000776a0000 - 0x00000000776a7000 	C:\Windows\system32\PSAPI.DLL
0x0000000070490000 - 0x000000007049f000 	C:\Program Files\Java\jdk1.7.0_79\jre\bin\verify.dll
0x0000000070460000 - 0x0000000070488000 	C:\Program Files\Java\jdk1.7.0_79\jre\bin\java.dll
0x0000000070420000 - 0x0000000070435000 	C:\Program Files\Java\jdk1.7.0_79\jre\bin\zip.dll
0x0000000070440000 - 0x000000007045a000 	C:\Program Files\Java\jdk1.7.0_79\jre\bin\net.dll
0x000007fefca00000 - 0x000007fefca55000 	C:\Windows\system32\mswsock.dll
0x000007fefc9f0000 - 0x000007fefc9f7000 	C:\Windows\System32\wship6.dll
0x0000000052bf0000 - 0x0000000052c01000 	C:\Program Files\Java\jdk1.7.0_79\jre\bin\nio.dll
0x000007fef8840000 - 0x000007fef8965000 	C:\Windows\system32\dbghelp.dll

VM Arguments:
jvm_args: -Xmx4g -Dfile.encoding=windows-1252 -Duser.country=IN -Duser.language=en -Duser.variant 
java_command: com.android.dx.command.Main --dex --num-threads=4 --multi-dex --main-dex-list D:\Magesh Android\Projects\My Blood\Prototype\app\build\intermediates\multi-dex\debug\maindexlist.txt --output D:\Magesh Android\Projects\My Blood\Prototype\app\build\intermediates\dex\debug D:\Magesh Android\Projects\My Blood\Prototype\app\build\intermediates\multi-dex\debug\allclasses.jar
Launcher Type: SUN_STANDARD

Environment Variables:
JAVA_HOME=C:\Progra~1\Java\jdk1.7.0_79
PATH=C:\Program Files (x86)\AMD APP\bin\x86_64;C:\Program Files (x86)\AMD APP\bin\x86;C:\Program Files\Common Files\Microsoft Shared\Windows Live;C:\Program Files (x86)\Common Files\Microsoft Shared\Windows Live;C:\Windows\system32;C:\Windows;C:\Windows\System32\Wbem;C:\Windows\System32\WindowsPowerShell\v1.0\;C:\Progra~1\Java\jdk1.7.0_79\bin;C:\Users\mmedikonda\AppData\Local\Android\sdk\tools;C:\Users\mmedikonda\AppData\Local\Android\sdk\platform-tools;C:\Program Files\Microsoft SQL Server\Client SDK\ODBC\110\Tools\Binn\;C:\Program Files (x86)\Microsoft SQL Server\120\Tools\Binn\;C:\Program Files\Microsoft SQL Server\120\Tools\Binn\;C:\Program Files\Microsoft SQL Server\120\DTS\Binn\;C:\Program Files (x86)\Microsoft SQL Server\120\Tools\Binn\ManagementStudio\;C:\Program Files (x86)\Microsoft SQL Server\120\DTS\Binn\;C:\Program Files (x86)\Windows Kits\8.1\Windows Performance Toolkit\;C:\Program Files\Microsoft SQL Server\110\Tools\Binn\;C:\Program Files (x86)\Microsoft Visual Studio 12.0\Common7\IDE\PrivateAssemblies\;C:\Windows\CCM;C:\Windows\CCM;C:\Windows\CCM;C:\Program Files (x86)\Windows Live\Shared;C:\Program Files\Microsoft SQL Server\130\Tools\Binn\;C:\Program Files (x86)\Common Files\lenovo\easyplussdk\bin;C:\Windows\system32\config\systemprofile\.dnx\bin;C:\Program Files\Microsoft DNX\Dnvm\;C:\Program Files\TortoiseSVN\bin;C:\Program Files (x86)\VisualSVN\bin;C:\Program Files\MongoDB\Server\3.2\bin;C:\Users\mgundappan\.dnx\bin
USERNAME=mgundappan
OS=Windows_NT
PROCESSOR_IDENTIFIER=Intel64 Family 6 Model 60 Stepping 3, GenuineIntel



---------------  S Y S T E M  ---------------

OS: Windows 7 , 64 bit Build 7601 Service Pack 1

CPU:total 4 (2 cores per cpu, 2 threads per core) family 6 model 60 stepping 3, cmov, cx8, fxsr, mmx, sse, sse2, sse3, ssse3, sse4.1, sse4.2, popcnt, avx, avx2, aes, erms, ht, tsc, tscinvbit

Memory: 4k page, physical 8303572k(2460952k free), swap 16605288k(7216000k free)

vm_info: Java HotSpot(TM) 64-Bit Server VM (24.79-b02) for windows-amd64 JRE (1.7.0_79-b15), built on Apr 10 2015 12:36:16 by "java_re" with unknown MS VC++:1600

time: Tue Jun 14 19:11:37 2016
elapsed time: 5 seconds

