#
# A fatal error has been detected by the Java Runtime Environment:
#
#  EXCEPTION_ACCESS_VIOLATION (0xc0000005) at pc=0x000000006e8f500f, pid=1628, tid=6432
#
# JRE version: Java(TM) SE Runtime Environment (7.0_79-b15) (build 1.7.0_79-b15)
# Java VM: Java HotSpot(TM) 64-Bit Server VM (24.79-b02 mixed mode windows-amd64 compressed oops)
# Problematic frame:
# V  [jvm.dll+0x45500f]
#
# Failed to write core dump. Minidumps are not enabled by default on client versions of Windows
#
# If you would like to submit a bug report, please visit:
#   http://bugreport.java.com/bugreport/crash.jsp
#

---------------  T H R E A D  ---------------

Current thread (0x000000000870c000):  JavaThread "C2 CompilerThread1" daemon [_thread_in_native, id=6432, stack(0x0000000009ac0000,0x0000000009bc0000)]

siginfo: ExceptionCode=0xc0000005, reading address 0xffffffffffffffff

Registers:
RAX=0x0a66201000000000, RBX=0x000000000a661fdc, RCX=0x000000000a661fdc, RDX=0x0000000000002000
RSP=0x0000000009bbbe10, RBP=0x000000000a567680, RSI=0x0000000000000004, RDI=0x0000000009bbc2c0
R8 =0x000000000b4acf10, R9 =0x0000000000002000, R10=0x000000000b121ec8, R11=0x0000000009bbc2a0
R12=0x0000000009bbbed8, R13=0x0000000009bbbeb8, R14=0x0000000000000002, R15=0x0000000000000010
RIP=0x000000006e8f500f, EFLAGS=0x0000000000010202

Top of Stack: (sp=0x0000000009bbbe10)
0x0000000009bbbe10:   000000000000164e 000000000a5670b8
0x0000000009bbbe20:   0000000009bbbed8 0000000008701340
0x0000000009bbbe30:   0000000000000020 0000000000000000
0x0000000009bbbe40:   0000000009bbc2a0 0000000000000002
0x0000000009bbbe50:   0000000009bbbf80 000000000a4973c0
0x0000000009bbbe60:   0000000008701340 000000000b32f200
0x0000000009bbbe70:   0000000008701340 000000006e8f7447
0x0000000009bbbe80:   0000000009bbc2a0 0000000009bbbed8
0x0000000009bbbe90:   0000000000000004 0000000009bbbf28
0x0000000009bbbea0:   000000000b32f250 000000000b3371e8
0x0000000009bbbeb0:   00000000001097d8 0000000008701340
0x0000000009bbbec0:   0000000000000100 000000000a6c42b0
0x0000000009bbbed0:   0000000000000053 000000006ea88668
0x0000000009bbbee0:   0000000008701340 0000000000000100
0x0000000009bbbef0:   000000000a6c3eb0 0000000000000001
0x0000000009bbbf00:   000000000b32f200 0000000008701340 

Instructions: (pc=0x000000006e8f500f)
0x000000006e8f4fef:   00 48 8b 45 08 41 ff c6 49 83 c7 08 49 8b 5c 07
0x000000006e8f4fff:   f8 48 85 db 0f 84 dd 00 00 00 48 8b 03 48 8b cb
0x000000006e8f500f:   ff 90 b0 00 00 00 84 c0 74 3f 48 8b 03 48 8b cb
0x000000006e8f501f:   ff 50 10 84 c0 75 32 48 8b 43 08 8b 73 28 4c 8b 


Register to memory mapping:

RAX=0x0a66201000000000 is an unknown value
RBX=0x000000000a661fdc is an unknown value
RCX=0x000000000a661fdc is an unknown value
RDX=0x0000000000002000 is an unknown value
RSP=0x0000000009bbbe10 is pointing into the stack for thread: 0x000000000870c000
RBP=0x000000000a567680 is an unknown value
RSI=0x0000000000000004 is an unknown value
RDI=0x0000000009bbc2c0 is pointing into the stack for thread: 0x000000000870c000
R8 =0x000000000b4acf10 is an unknown value
R9 =0x0000000000002000 is an unknown value
R10=0x000000000b121ec8 is an unknown value
R11=0x0000000009bbc2a0 is pointing into the stack for thread: 0x000000000870c000
R12=0x0000000009bbbed8 is pointing into the stack for thread: 0x000000000870c000
R13=0x0000000009bbbeb8 is pointing into the stack for thread: 0x000000000870c000
R14=0x0000000000000002 is an unknown value
R15=0x0000000000000010 is an unknown value


Stack: [0x0000000009ac0000,0x0000000009bc0000],  sp=0x0000000009bbbe10,  free space=1007k
Native frames: (J=compiled Java code, j=interpreted, Vv=VM code, C=native code)
V  [jvm.dll+0x45500f]


Current CompileTask:
C2:   3323  256             com.android.dx.ssa.SCCP::simulateStmt (481 bytes)


---------------  P R O C E S S  ---------------

Java Threads: ( => current thread )
  0x000000000a5b7800 JavaThread "pool-1-thread-4" [_thread_blocked, id=2956, stack(0x000000000ad80000,0x000000000ae80000)]
  0x000000000a62f000 JavaThread "pool-1-thread-3" [_thread_blocked, id=7172, stack(0x000000000ae80000,0x000000000af80000)]
  0x000000000a62e800 JavaThread "pool-1-thread-2" [_thread_blocked, id=8044, stack(0x0000000009cd0000,0x0000000009dd0000)]
  0x000000000a692800 JavaThread "pool-2-thread-1" [_thread_blocked, id=6044, stack(0x000000000ac30000,0x000000000ad30000)]
  0x000000000a690800 JavaThread "pool-1-thread-1" [_thread_in_vm, id=3036, stack(0x000000000ab20000,0x000000000ac20000)]
  0x000000000870c800 JavaThread "Service Thread" daemon [_thread_blocked, id=7664, stack(0x000000000a1b0000,0x000000000a2b0000)]
=>0x000000000870c000 JavaThread "C2 CompilerThread1" daemon [_thread_in_native, id=6432, stack(0x0000000009ac0000,0x0000000009bc0000)]
  0x0000000008700800 JavaThread "C2 CompilerThread0" daemon [_thread_in_native, id=6560, stack(0x0000000009fe0000,0x000000000a0e0000)]
  0x00000000086fd800 JavaThread "Attach Listener" daemon [_thread_blocked, id=7460, stack(0x0000000009df0000,0x0000000009ef0000)]
  0x00000000086f8800 JavaThread "Signal Dispatcher" daemon [_thread_blocked, id=7836, stack(0x0000000009bc0000,0x0000000009cc0000)]
  0x00000000086a6800 JavaThread "Finalizer" daemon [_thread_blocked, id=7396, stack(0x00000000099b0000,0x0000000009ab0000)]
  0x000000000869f000 JavaThread "Reference Handler" daemon [_thread_blocked, id=3884, stack(0x0000000009860000,0x0000000009960000)]
  0x000000000220e800 JavaThread "main" [_thread_blocked, id=5396, stack(0x0000000002560000,0x0000000002660000)]

Other Threads:
  0x000000000869b800 VMThread [stack: 0x0000000009630000,0x0000000009730000] [id=7464]
  0x0000000008716000 WatcherThread [stack: 0x000000000a340000,0x000000000a440000] [id=6620]

VM state:not at safepoint (normal execution)

VM Mutex/Monitor currently owned by a thread: None

Heap
 PSYoungGen      total 38400K, used 13799K [0x00000000eaa80000, 0x00000000ef580000, 0x0000000100000000)
  eden space 33280K, 26% used [0x00000000eaa80000,0x00000000eb2fb100,0x00000000ecb00000)
  from space 5120K, 99% used [0x00000000ecb00000,0x00000000ecffec08,0x00000000ed000000)
  to   space 5120K, 0% used [0x00000000ef080000,0x00000000ef080000,0x00000000ef580000)
 ParOldGen       total 86528K, used 1497K [0x00000000c0000000, 0x00000000c5480000, 0x00000000eaa80000)
  object space 86528K, 1% used [0x00000000c0000000,0x00000000c0176438,0x00000000c5480000)
 PSPermGen       total 21504K, used 5767K [0x00000000bae00000, 0x00000000bc300000, 0x00000000c0000000)
  object space 21504K, 26% used [0x00000000bae00000,0x00000000bb3a1df8,0x00000000bc300000)

Card table byte_map: [0x0000000005660000,0x0000000005890000] byte_map_base: 0x0000000005089000

Polling page: 0x0000000000430000

Code Cache  [0x0000000002660000, 0x00000000028d0000, 0x0000000005660000)
 total_blobs=510 nmethods=273 adapters=189 free_code_cache=48073Kb largest_free_block=49199680

Compilation events (10 events):
Event: 3.202 Thread 0x0000000008700800  267             java.lang.StringBuilder::append (8 bytes)
Event: 3.207 Thread 0x0000000008700800 nmethod 267 0x000000000275c810 code [0x000000000275c960, 0x000000000275ccf8]
Event: 3.207 Thread 0x0000000008700800  268             com.android.dx.rop.code.BasicBlockList::set (12 bytes)
Event: 3.210 Thread 0x0000000008700800 nmethod 268 0x00000000027691d0 code [0x0000000002769340, 0x0000000002769558]
Event: 3.210 Thread 0x0000000008700800  269             com.android.dx.ssa.SsaBasicBlock::getRopLabelSuccessorList (57 bytes)
Event: 3.219 Thread 0x0000000008700800 nmethod 269 0x000000000276a2d0 code [0x000000000276a460, 0x000000000276ab78]
Event: 3.221 Thread 0x0000000008700800  270             com.android.dx.cf.iface.StdAttributeList::findFirst (44 bytes)
Event: 3.223 Thread 0x0000000008700800 nmethod 270 0x000000000275c1d0 code [0x000000000275c320, 0x000000000275c5b8]
Event: 3.224 Thread 0x0000000008700800  271             java.util.ArrayList::clear (39 bytes)
Event: 3.225 Thread 0x0000000008700800 nmethod 271 0x000000000276d510 code [0x000000000276d640, 0x000000000276d718]

GC Heap History (2 events):
Event: 2.899 GC heap before
{Heap before GC invocations=1 (full 0):
 PSYoungGen      total 38400K, used 33280K [0x00000000eaa80000, 0x00000000ed500000, 0x0000000100000000)
  eden space 33280K, 100% used [0x00000000eaa80000,0x00000000ecb00000,0x00000000ecb00000)
  from space 5120K, 0% used [0x00000000ed000000,0x00000000ed000000,0x00000000ed500000)
  to   space 5120K, 0% used [0x00000000ecb00000,0x00000000ecb00000,0x00000000ed000000)
 ParOldGen       total 86528K, used 0K [0x00000000c0000000, 0x00000000c5480000, 0x00000000eaa80000)
  object space 86528K, 0% used [0x00000000c0000000,0x00000000c0000000,0x00000000c5480000)
 PSPermGen       total 21504K, used 5749K [0x00000000bae00000, 0x00000000bc300000, 0x00000000c0000000)
  object space 21504K, 26% used [0x00000000bae00000,0x00000000bb39d7c8,0x00000000bc300000)
Event: 3.086 GC heap after
Heap after GC invocations=1 (full 0):
 PSYoungGen      total 38400K, used 5115K [0x00000000eaa80000, 0x00000000ef580000, 0x0000000100000000)
  eden space 33280K, 0% used [0x00000000eaa80000,0x00000000eaa80000,0x00000000ecb00000)
  from space 5120K, 99% used [0x00000000ecb00000,0x00000000ecffec08,0x00000000ed000000)
  to   space 5120K, 0% used [0x00000000ef080000,0x00000000ef080000,0x00000000ef580000)
 ParOldGen       total 86528K, used 1497K [0x00000000c0000000, 0x00000000c5480000, 0x00000000eaa80000)
  object space 86528K, 1% used [0x00000000c0000000,0x00000000c0176438,0x00000000c5480000)
 PSPermGen       total 21504K, used 5749K [0x00000000bae00000, 0x00000000bc300000, 0x00000000c0000000)
  object space 21504K, 26% used [0x00000000bae00000,0x00000000bb39d7c8,0x00000000bc300000)
}

Deoptimization events (7 events):
Event: 0.594 Thread 0x000000000a62f000 Uncommon trap: reason=null_check action=make_not_entrant pc=0x00000000026db4c0 method=com.android.dx.rop.code.LocalItem.equals(Ljava/lang/Object;)Z @ 1
Event: 2.527 Thread 0x000000000a62f000 Uncommon trap: reason=null_check action=make_not_entrant pc=0x000000000272e090 method=com.android.dx.rop.code.RegisterSpec.equals(Ljava/lang/Object;)Z @ 1
Event: 2.824 Thread 0x000000000a62f000 Uncommon trap: reason=unreached action=reinterpret pc=0x0000000002707e00 method=com.android.dx.ssa.SsaConverter.placePhiFunctions(Lcom/android/dx/ssa/SsaMethod;Lcom/android/dx/ssa/LocalVariableInfo;I)V @ 327
Event: 2.825 Thread 0x000000000a62f000 Uncommon trap: reason=null_check action=make_not_entrant pc=0x00000000026df02c method=com.android.dx.rop.code.LocalItem.equals(Ljava/lang/Object;)Z @ 1
Event: 2.825 Thread 0x000000000a62f000 Uncommon trap: reason=unreached action=reinterpret pc=0x00000000027145a0 method=com.android.dx.ssa.SsaRenamer$BlockRenamer.process()V @ 59
Event: 3.189 Thread 0x000000000a62f000 Uncommon trap: reason=unreached action=reinterpret pc=0x00000000026f5944 method=com.android.dx.rop.cst.Constant.compareTo(Lcom/android/dx/rop/cst/Constant;)I @ 12
Event: 3.219 Thread 0x000000000220e800 Uncommon trap: reason=null_check action=make_not_entrant pc=0x00000000027685b8 method=com.android.dx.rop.type.Type.putIntern(Lcom/android/dx/rop/type/Type;)Lcom/android/dx/rop/type/Type; @ 18

Internal exceptions (10 events):
Event: 2.541 Thread 0x000000000220e800 Threw 0x00000000ec1d7bb0 at C:\re\jdk7u79\2331\hotspot\src\share\vm\prims\jvm.cpp:1304
Event: 2.609 Thread 0x000000000220e800 Threw 0x00000000ec1f16a8 at C:\re\jdk7u79\2331\hotspot\src\share\vm\prims\jvm.cpp:1304
Event: 2.786 Thread 0x000000000220e800 Threw 0x00000000ec1f8e08 at C:\re\jdk7u79\2331\hotspot\src\share\vm\prims\jvm.cpp:1304
Event: 2.786 Thread 0x000000000220e800 Threw 0x00000000ec1fb4c8 at C:\re\jdk7u79\2331\hotspot\src\share\vm\prims\jvm.cpp:1304
Event: 2.789 Thread 0x000000000a62f000 Threw 0x00000000ec8cbc20 at C:\re\jdk7u79\2331\hotspot\src\share\vm\prims\jvm.cpp:1304
Event: 2.790 Thread 0x000000000a62f000 Threw 0x00000000ec8d14e0 at C:\re\jdk7u79\2331\hotspot\src\share\vm\prims\jvm.cpp:1304
Event: 2.790 Thread 0x000000000a62f000 Threw 0x00000000ec8d6a50 at C:\re\jdk7u79\2331\hotspot\src\share\vm\prims\jvm.cpp:1304
Event: 2.820 Thread 0x000000000220e800 Threw 0x00000000ec2188c8 at C:\re\jdk7u79\2331\hotspot\src\share\vm\prims\jvm.cpp:1304
Event: 2.825 Thread 0x000000000a62f000 Implicit null exception at 0x00000000026de8ca to 0x00000000026df001
Event: 3.219 Thread 0x000000000220e800 Implicit null exception at 0x0000000002767ec7 to 0x00000000027685a9

Events (10 events):
Event: 2.825 Thread 0x000000000a62f000 DEOPT PACKING pc=0x00000000027145a0 sp=0x000000000af7ed60
Event: 2.825 Thread 0x000000000a62f000 DEOPT UNPACKING pc=0x00000000026975a4 sp=0x000000000af7ed28 mode 2
Event: 2.899 Executing VM operation: ParallelGCFailedAllocation
Event: 3.086 Executing VM operation: ParallelGCFailedAllocation done
Event: 3.189 Thread 0x000000000a62f000 Uncommon trap: trap_request=0xffffffad fr.pc=0x00000000026f5944
Event: 3.189 Thread 0x000000000a62f000 DEOPT PACKING pc=0x00000000026f5944 sp=0x000000000af7ea00
Event: 3.189 Thread 0x000000000a62f000 DEOPT UNPACKING pc=0x00000000026975a4 sp=0x000000000af7e9a0 mode 2
Event: 3.219 Thread 0x000000000220e800 Uncommon trap: trap_request=0xfffffff4 fr.pc=0x00000000027685b8
Event: 3.219 Thread 0x000000000220e800 DEOPT PACKING pc=0x00000000027685b8 sp=0x000000000265ebd0
Event: 3.219 Thread 0x000000000220e800 DEOPT UNPACKING pc=0x00000000026975a4 sp=0x000000000265eaf0 mode 2


Dynamic libraries:
0x000000013f3f0000 - 0x000000013f423000 	C:\Program Files\Java\jdk1.7.0_79\bin\java.exe
0x0000000077380000 - 0x000000007752a000 	C:\Windows\SYSTEM32\ntdll.dll
0x0000000077260000 - 0x000000007737f000 	C:\Windows\system32\kernel32.dll
0x000007fefd3f0000 - 0x000007fefd45a000 	C:\Windows\system32\KERNELBASE.dll
0x000007fefec50000 - 0x000007fefed2b000 	C:\Windows\system32\ADVAPI32.dll
0x000007feff580000 - 0x000007feff61f000 	C:\Windows\system32\msvcrt.dll
0x000007feff3c0000 - 0x000007feff3df000 	C:\Windows\SYSTEM32\sechost.dll
0x000007fefeb20000 - 0x000007fefec4d000 	C:\Windows\system32\RPCRT4.dll
0x0000000077160000 - 0x000000007725a000 	C:\Windows\system32\USER32.dll
0x000007fefe250000 - 0x000007fefe2b7000 	C:\Windows\system32\GDI32.dll
0x000007feff620000 - 0x000007feff62e000 	C:\Windows\system32\LPK.dll
0x000007feff410000 - 0x000007feff4da000 	C:\Windows\system32\USP10.dll
0x000007fefbc50000 - 0x000007fefbe44000 	C:\Windows\WinSxS\amd64_microsoft.windows.common-controls_6595b64144ccf1df_6.0.7601.18837_none_fa3b1e3d17594757\COMCTL32.dll
0x000007fefe360000 - 0x000007fefe3d1000 	C:\Windows\system32\SHLWAPI.dll
0x000007feff3e0000 - 0x000007feff40e000 	C:\Windows\system32\IMM32.DLL
0x000007fefe3e0000 - 0x000007fefe4e9000 	C:\Windows\system32\MSCTF.dll
0x0000000050000000 - 0x00000000500d2000 	C:\Program Files\Java\jdk1.7.0_79\jre\bin\msvcr100.dll
0x000000006e4a0000 - 0x000000006ec75000 	C:\Program Files\Java\jdk1.7.0_79\jre\bin\server\jvm.dll
0x000007fee9360000 - 0x000007fee9369000 	C:\Windows\system32\WSOCK32.dll
0x000007fefed30000 - 0x000007fefed7d000 	C:\Windows\system32\WS2_32.dll
0x000007fefeb10000 - 0x000007fefeb18000 	C:\Windows\system32\NSI.dll
0x000007fefaf70000 - 0x000007fefafab000 	C:\Windows\system32\WINMM.dll
0x0000000077550000 - 0x0000000077557000 	C:\Windows\system32\PSAPI.DLL
0x000000005d360000 - 0x000000005d36f000 	C:\Program Files\Java\jdk1.7.0_79\jre\bin\verify.dll
0x000000005d330000 - 0x000000005d358000 	C:\Program Files\Java\jdk1.7.0_79\jre\bin\java.dll
0x000000005d310000 - 0x000000005d325000 	C:\Program Files\Java\jdk1.7.0_79\jre\bin\zip.dll
0x000000005d2f0000 - 0x000000005d30a000 	C:\Program Files\Java\jdk1.7.0_79\jre\bin\net.dll
0x000007fefc8a0000 - 0x000007fefc8f5000 	C:\Windows\system32\mswsock.dll
0x000007fefc890000 - 0x000007fefc897000 	C:\Windows\System32\wship6.dll
0x000000005d2d0000 - 0x000000005d2e1000 	C:\Program Files\Java\jdk1.7.0_79\jre\bin\nio.dll
0x000007fef8830000 - 0x000007fef8955000 	C:\Windows\system32\dbghelp.dll

VM Arguments:
jvm_args: -Xmx1024M -Dfile.encoding=windows-1252 -Duser.country=IN -Duser.language=en -Duser.variant 
java_command: com.android.dx.command.Main --dex --num-threads=4 --output D:\Magesh Android\Projects\My Blood\Prototype\app\build\intermediates\pre-dexed\debug\classes-0f09999ae85d509da7b22948faa754a9415edb8c.jar D:\Magesh Android\Projects\My Blood\Prototype\app\build\intermediates\exploded-aar\com.google.android.gms\play-services-nearby\8.4.0\jars\classes.jar
Launcher Type: SUN_STANDARD

Environment Variables:
JAVA_HOME=C:\Progra~1\Java\jdk1.7.0_79
PATH=C:\Program Files (x86)\AMD APP\bin\x86_64;C:\Program Files (x86)\AMD APP\bin\x86;C:\Program Files\Common Files\Microsoft Shared\Windows Live;C:\Program Files (x86)\Common Files\Microsoft Shared\Windows Live;C:\Windows\system32;C:\Windows;C:\Windows\System32\Wbem;C:\Windows\System32\WindowsPowerShell\v1.0\;C:\Progra~1\Java\jdk1.7.0_79\bin;C:\Users\mmedikonda\AppData\Local\Android\sdk\tools;C:\Users\mmedikonda\AppData\Local\Android\sdk\platform-tools;C:\Program Files\Microsoft SQL Server\Client SDK\ODBC\110\Tools\Binn\;C:\Program Files (x86)\Microsoft SQL Server\120\Tools\Binn\;C:\Program Files\Microsoft SQL Server\120\Tools\Binn\;C:\Program Files\Microsoft SQL Server\120\DTS\Binn\;C:\Program Files (x86)\Microsoft SQL Server\120\Tools\Binn\ManagementStudio\;C:\Program Files (x86)\Microsoft SQL Server\120\DTS\Binn\;C:\Program Files (x86)\Windows Kits\8.1\Windows Performance Toolkit\;C:\Program Files\Microsoft SQL Server\110\Tools\Binn\;C:\Program Files (x86)\Microsoft Visual Studio 12.0\Common7\IDE\PrivateAssemblies\;C:\Windows\CCM;C:\Windows\CCM;C:\Windows\CCM;C:\Program Files (x86)\Windows Live\Shared;C:\Program Files\Microsoft SQL Server\130\Tools\Binn\;C:\Program Files (x86)\Common Files\lenovo\easyplussdk\bin;C:\Windows\system32\config\systemprofile\.dnx\bin;C:\Program Files\Microsoft DNX\Dnvm\;C:\Program Files\TortoiseSVN\bin;C:\Program Files (x86)\VisualSVN\bin;C:\Program Files\MongoDB\Server\3.2\bin;C:\Users\mgundappan\.dnx\bin
USERNAME=mgundappan
OS=Windows_NT
PROCESSOR_IDENTIFIER=Intel64 Family 6 Model 60 Stepping 3, GenuineIntel



---------------  S Y S T E M  ---------------

OS: Windows 7 , 64 bit Build 7601 Service Pack 1

CPU:total 4 (2 cores per cpu, 2 threads per core) family 6 model 60 stepping 3, cmov, cx8, fxsr, mmx, sse, sse2, sse3, ssse3, sse4.1, sse4.2, popcnt, avx, avx2, aes, erms, ht, tsc, tscinvbit

Memory: 4k page, physical 8303572k(1846072k free), swap 16605288k(9000996k free)

vm_info: Java HotSpot(TM) 64-Bit Server VM (24.79-b02) for windows-amd64 JRE (1.7.0_79-b15), built on Apr 10 2015 12:36:16 by "java_re" with unknown MS VC++:1600

time: Thu Jun 09 12:17:41 2016
elapsed time: 3 seconds

