#
# A fatal error has been detected by the Java Runtime Environment:
#
#  EXCEPTION_ACCESS_VIOLATION (0xc0000005) at pc=0x0000000050e94e5c, pid=3284, tid=7020
#
# JRE version: Java(TM) SE Runtime Environment (7.0_79-b15) (build 1.7.0_79-b15)
# Java VM: Java HotSpot(TM) 64-Bit Server VM (24.79-b02 mixed mode windows-amd64 compressed oops)
# Problematic frame:
# V  [jvm.dll+0x434e5c]
#
# Failed to write core dump. Minidumps are not enabled by default on client versions of Windows
#
# If you would like to submit a bug report, please visit:
#   http://bugreport.java.com/bugreport/crash.jsp
#

---------------  T H R E A D  ---------------

Current thread (0x000000000f581800):  JavaThread "C2 CompilerThread1" daemon [_thread_in_native, id=7020, stack(0x0000000010b80000,0x0000000010c80000)]

siginfo: ExceptionCode=0xc0000005, reading address 0x000000001207a188

Registers:
RAX=0x000000001203a140, RBX=0x0000000000000005, RCX=0x0000000000010012, RDX=0x00000000ffffffff
RSP=0x0000000010c7c010, RBP=0x0000000010c7c110, RSI=0x0000000000000002, RDI=0x000000000000001b
R8 =0x0000000010c7c5e0, R9 =0x00000000128856e0, R10=0x0000000000000007, R11=0x0000000010c7bfe0
R12=0x0000000010c7c5e0, R13=0x0000000012150e40, R14=0x0000000012fbc69c, R15=0x0000000000000000
RIP=0x0000000050e94e5c, EFLAGS=0x0000000000010297

Top of Stack: (sp=0x0000000010c7c010)
0x0000000010c7c010:   0000000000017760 000000000000029b
0x0000000010c7c020:   0000000010c7c110 0000000000000005
0x0000000010c7c030:   0000000700000000 0000000600000004
0x0000000010c7c040:   0000035a00000002 0000000012fbc69c
0x0000000010c7c050:   0000005a00000003 0000000005155455
0x0000000010c7c060:   0000000000000000 0000000000000000
0x0000000010c7c070:   0000000000000000 0000000000000000
0x0000000010c7c080:   000002a000000000 0303030300000008
0x0000000010c7c090:   0000000012884b40 0000000000000004
0x0000000010c7c0a0:   0000000010c7c160 0000000000000004
0x0000000010c7c0b0:   0000000010c7c150 0000000000000005
0x0000000010c7c0c0:   0000000000000001 0000000000000030
0x0000000010c7c0d0:   0000000000000000 0000000000000000
0x0000000010c7c0e0:   0000000000000000 0000000000000000
0x0000000010c7c0f0:   000000000000005a 0000000000000000
0x0000000010c7c100:   0000000012150e40 ffffffffffffffff 

Instructions: (pc=0x0000000050e94e5c)
0x0000000050e94e3c:   0b 49 8b 46 10 4c 8b 74 c8 f8 eb 03 45 33 f6 41
0x0000000050e94e4c:   8b 4e 28 49 8b 84 24 d0 00 00 00 4c 89 74 24 38
0x0000000050e94e5c:   8b 34 88 89 74 24 34 85 f6 0f 84 40 09 00 00 49
0x0000000050e94e6c:   8b ce e8 9d 0b 05 00 84 c0 74 06 41 0f 28 c0 eb 


Register to memory mapping:

RAX=0x000000001203a140 is an unknown value
RBX=0x0000000000000005 is an unknown value
RCX=0x0000000000010012 is an unknown value
RDX=0x00000000ffffffff is an unknown value
RSP=0x0000000010c7c010 is pointing into the stack for thread: 0x000000000f581800
RBP=0x0000000010c7c110 is pointing into the stack for thread: 0x000000000f581800
RSI=0x0000000000000002 is an unknown value
RDI=0x000000000000001b is an unknown value
R8 =0x0000000010c7c5e0 is pointing into the stack for thread: 0x000000000f581800
R9 =0x00000000128856e0 is an unknown value
R10=0x0000000000000007 is an unknown value
R11=0x0000000010c7bfe0 is pointing into the stack for thread: 0x000000000f581800
R12=0x0000000010c7c5e0 is pointing into the stack for thread: 0x000000000f581800
R13=0x0000000012150e40 is an unknown value
R14=0x0000000012fbc69c is an unknown value
R15=0x0000000000000000 is an unknown value


Stack: [0x0000000010b80000,0x0000000010c80000],  sp=0x0000000010c7c010,  free space=1008k
Native frames: (J=compiled Java code, j=interpreted, Vv=VM code, C=native code)
V  [jvm.dll+0x434e5c]


Current CompileTask:
C2:  15792 1239             java.util.concurrent.ThreadPoolExecutor::execute (132 bytes)


---------------  P R O C E S S  ---------------

Java Threads: ( => current thread )
  0x00000000110af000 JavaThread "pool-2-thread-4" [_thread_blocked, id=9940, stack(0x0000000011dd0000,0x0000000011ed0000)]
  0x000000001105f800 JavaThread "pool-2-thread-3" [_thread_in_Java, id=9324, stack(0x00000000113d0000,0x00000000114d0000)]
  0x0000000011045800 JavaThread "pool-2-thread-2" [_thread_in_Java, id=8336, stack(0x0000000011ca0000,0x0000000011da0000)]
  0x0000000011044000 JavaThread "pool-3-thread-1" [_thread_blocked, id=6288, stack(0x0000000011b70000,0x0000000011c70000)]
  0x00000000110e4800 JavaThread "pool-2-thread-1" [_thread_in_Java, id=7572, stack(0x00000000118d0000,0x00000000119d0000)]
  0x000000000f582000 JavaThread "Service Thread" daemon [_thread_blocked, id=7980, stack(0x0000000010de0000,0x0000000010ee0000)]
=>0x000000000f581800 JavaThread "C2 CompilerThread1" daemon [_thread_in_native, id=7020, stack(0x0000000010b80000,0x0000000010c80000)]
  0x000000000f57b000 JavaThread "C2 CompilerThread0" daemon [_thread_blocked, id=7656, stack(0x0000000010ca0000,0x0000000010da0000)]
  0x000000000f578000 JavaThread "Attach Listener" daemon [_thread_blocked, id=8384, stack(0x00000000109c0000,0x0000000010ac0000)]
  0x000000000f573000 JavaThread "Signal Dispatcher" daemon [_thread_blocked, id=9480, stack(0x0000000010550000,0x0000000010650000)]
  0x000000000f513800 JavaThread "Finalizer" daemon [_thread_blocked, id=9464, stack(0x0000000010820000,0x0000000010920000)]
  0x000000000f512800 JavaThread "Reference Handler" daemon [_thread_blocked, id=3500, stack(0x0000000010680000,0x0000000010780000)]
  0x000000000216e800 JavaThread "main" [_thread_blocked, id=4992, stack(0x00000000022f0000,0x00000000023f0000)]

Other Threads:
  0x000000000f50f000 VMThread [stack: 0x00000000103e0000,0x00000000104e0000] [id=4576]
  0x000000000f58b000 WatcherThread [stack: 0x00000000114d0000,0x00000000115d0000] [id=1120]

VM state:not at safepoint (normal execution)

VM Mutex/Monitor currently owned by a thread: None

Heap
 PSYoungGen      total 839680K, used 252338K [0x00000007aaa80000, 0x00000007f0b00000, 0x0000000800000000)
  eden space 620032K, 24% used [0x00000007aaa80000,0x00000007b41704c8,0x00000007d0800000)
  from space 219648K, 44% used [0x00000007d0800000,0x00000007d677c650,0x00000007dde80000)
  to   space 210944K, 0% used [0x00000007e3d00000,0x00000007e3d00000,0x00000007f0b00000)
 ParOldGen       total 767488K, used 452085K [0x0000000700000000, 0x000000072ed80000, 0x00000007aaa80000)
  object space 767488K, 58% used [0x0000000700000000,0x000000071b97d420,0x000000072ed80000)
 PSPermGen       total 21504K, used 6199K [0x00000006fae00000, 0x00000006fc300000, 0x0000000700000000)
  object space 21504K, 28% used [0x00000006fae00000,0x00000006fb40dda0,0x00000006fc300000)

Card table byte_map: [0x00000000053f0000,0x0000000005c20000] byte_map_base: 0x0000000001c19000

Polling page: 0x0000000001b60000

Code Cache  [0x00000000023f0000, 0x0000000002840000, 0x00000000053f0000)
 total_blobs=1452 nmethods=1215 adapters=189 free_code_cache=44875Kb largest_free_block=45852544

Compilation events (10 events):
Event: 15.750 Thread 0x000000000f57b000 1244   !         java.util.concurrent.FutureTask::run (126 bytes)
Event: 15.754 Thread 0x000000000f57b000 nmethod 1244 0x0000000002748390 code [0x0000000002748520, 0x0000000002748830]
Event: 15.754 Thread 0x000000000f57b000 1245             java.util.concurrent.FutureTask::done (1 bytes)
Event: 15.754 Thread 0x000000000f57b000 nmethod 1245 0x0000000002748190 code [0x00000000027482c0, 0x0000000002748318]
Event: 15.764 Thread 0x000000000f57b000 1246             com.android.dx.cf.direct.MemberListParser::<init> (74 bytes)
Event: 15.765 Thread 0x000000000f57b000 nmethod 1246 0x0000000002747e90 code [0x0000000002747fc0, 0x00000000027480b8]
Event: 15.765 Thread 0x000000000f57b000 1247             com.android.dx.cf.direct.MemberListParser::setObserver (6 bytes)
Event: 15.765 Thread 0x000000000f57b000 nmethod 1247 0x0000000002747c90 code [0x0000000002747dc0, 0x0000000002747e38]
Event: 15.766 Thread 0x000000000f57b000 1248             com.android.dx.cf.direct.MemberListParser::getEndOffset (9 bytes)
Event: 15.766 Thread 0x000000000f57b000 nmethod 1248 0x0000000002747a10 code [0x0000000002747b60, 0x0000000002747be8]

GC Heap History (10 events):
Event: 11.743 GC heap before
{Heap before GC invocations=15 (full 3):
 PSYoungGen      total 561664K, used 548926K [0x00000007aaa80000, 0x00000007e0300000, 0x0000000800000000)
  eden space 449536K, 100% used [0x00000007aaa80000,0x00000007c6180000,0x00000007c6180000)
  from space 112128K, 88% used [0x00000007c6180000,0x00000007cc28fa30,0x00000007ccf00000)
  to   space 168960K, 0% used [0x00000007d5e00000,0x00000007d5e00000,0x00000007e0300000)
 ParOldGen       total 538112K, used 320507K [0x0000000700000000, 0x0000000720d80000, 0x00000007aaa80000)
  object space 538112K, 59% used [0x0000000700000000,0x00000007138fecd8,0x0000000720d80000)
 PSPermGen       total 21504K, used 6126K [0x00000006fae00000, 0x00000006fc300000, 0x0000000700000000)
  object space 21504K, 28% used [0x00000006fae00000,0x00000006fb3fb8c8,0x00000006fc300000)
Event: 11.909 GC heap after
Heap after GC invocations=15 (full 3):
 PSYoungGen      total 690176K, used 129950K [0x00000007aaa80000, 0x00000007e0e80000, 0x0000000800000000)
  eden space 521216K, 0% used [0x00000007aaa80000,0x00000007aaa80000,0x00000007ca780000)
  from space 168960K, 76% used [0x00000007d5e00000,0x00000007ddce7850,0x00000007e0300000)
  to   space 183808K, 0% used [0x00000007ca780000,0x00000007ca780000,0x00000007d5b00000)
 ParOldGen       total 538112K, used 378024K [0x0000000700000000, 0x0000000720d80000, 0x00000007aaa80000)
  object space 538112K, 70% used [0x0000000700000000,0x000000071712a388,0x0000000720d80000)
 PSPermGen       total 21504K, used 6126K [0x00000006fae00000, 0x00000006fc300000, 0x0000000700000000)
  object space 21504K, 28% used [0x00000006fae00000,0x00000006fb3fb8c8,0x00000006fc300000)
}
Event: 12.697 GC heap before
{Heap before GC invocations=16 (full 3):
 PSYoungGen      total 690176K, used 651166K [0x00000007aaa80000, 0x00000007e0e80000, 0x0000000800000000)
  eden space 521216K, 100% used [0x00000007aaa80000,0x00000007ca780000,0x00000007ca780000)
  from space 168960K, 76% used [0x00000007d5e00000,0x00000007ddce7850,0x00000007e0300000)
  to   space 183808K, 0% used [0x00000007ca780000,0x00000007ca780000,0x00000007d5b00000)
 ParOldGen       total 538112K, used 378024K [0x0000000700000000, 0x0000000720d80000, 0x00000007aaa80000)
  object space 538112K, 70% used [0x0000000700000000,0x000000071712a388,0x0000000720d80000)
 PSPermGen       total 21504K, used 6131K [0x00000006fae00000, 0x00000006fc300000, 0x0000000700000000)
  object space 21504K, 28% used [0x00000006fae00000,0x00000006fb3fce00,0x00000006fc300000)
Event: 12.857 GC heap after
Heap after GC invocations=16 (full 3):
 PSYoungGen      total 705024K, used 183797K [0x00000007aaa80000, 0x00000007ebb00000, 0x0000000800000000)
  eden space 521216K, 0% used [0x00000007aaa80000,0x00000007aaa80000,0x00000007ca780000)
  from space 183808K, 99% used [0x00000007ca780000,0x00000007d5afd6b0,0x00000007d5b00000)
  to   space 225792K, 0% used [0x00000007dde80000,0x00000007dde80000,0x00000007ebb00000)
 ParOldGen       total 538112K, used 405942K [0x0000000700000000, 0x0000000720d80000, 0x00000007aaa80000)
  object space 538112K, 75% used [0x0000000700000000,0x0000000718c6d930,0x0000000720d80000)
 PSPermGen       total 21504K, used 6131K [0x00000006fae00000, 0x00000006fc300000, 0x0000000700000000)
  object space 21504K, 28% used [0x00000006fae00000,0x00000006fb3fce00,0x00000006fc300000)
}
Event: 13.561 GC heap before
{Heap before GC invocations=17 (full 3):
 PSYoungGen      total 705024K, used 705013K [0x00000007aaa80000, 0x00000007ebb00000, 0x0000000800000000)
  eden space 521216K, 100% used [0x00000007aaa80000,0x00000007ca780000,0x00000007ca780000)
  from space 183808K, 99% used [0x00000007ca780000,0x00000007d5afd6b0,0x00000007d5b00000)
  to   space 225792K, 0% used [0x00000007dde80000,0x00000007dde80000,0x00000007ebb00000)
 ParOldGen       total 538112K, used 405942K [0x0000000700000000, 0x0000000720d80000, 0x00000007aaa80000)
  object space 538112K, 75% used [0x0000000700000000,0x0000000718c6d930,0x0000000720d80000)
 PSPermGen       total 21504K, used 6183K [0x00000006fae00000, 0x00000006fc300000, 0x0000000700000000)
  object space 21504K, 28% used [0x00000006fae00000,0x00000006fb409c38,0x00000006fc300000)
Event: 13.732 GC heap after
Heap after GC invocations=17 (full 3):
 PSYoungGen      total 843776K, used 103858K [0x00000007aaa80000, 0x00000007eb900000, 0x0000000800000000)
  eden space 620032K, 0% used [0x00000007aaa80000,0x00000007aaa80000,0x00000007d0800000)
  from space 223744K, 46% used [0x00000007dde80000,0x00000007e43ecb48,0x00000007eb900000)
  to   space 219648K, 0% used [0x00000007d0800000,0x00000007d0800000,0x00000007dde80000)
 ParOldGen       total 552448K, used 552149K [0x0000000700000000, 0x0000000721b80000, 0x00000007aaa80000)
  object space 552448K, 99% used [0x0000000700000000,0x0000000721b35680,0x0000000721b80000)
 PSPermGen       total 21504K, used 6183K [0x00000006fae00000, 0x00000006fc300000, 0x0000000700000000)
  object space 21504K, 28% used [0x00000006fae00000,0x00000006fb409c38,0x00000006fc300000)
}
Event: 13.732 GC heap before
{Heap before GC invocations=18 (full 4):
 PSYoungGen      total 843776K, used 103858K [0x00000007aaa80000, 0x00000007eb900000, 0x0000000800000000)
  eden space 620032K, 0% used [0x00000007aaa80000,0x00000007aaa80000,0x00000007d0800000)
  from space 223744K, 46% used [0x00000007dde80000,0x00000007e43ecb48,0x00000007eb900000)
  to   space 219648K, 0% used [0x00000007d0800000,0x00000007d0800000,0x00000007dde80000)
 ParOldGen       total 552448K, used 552149K [0x0000000700000000, 0x0000000721b80000, 0x00000007aaa80000)
  object space 552448K, 99% used [0x0000000700000000,0x0000000721b35680,0x0000000721b80000)
 PSPermGen       total 21504K, used 6183K [0x00000006fae00000, 0x00000006fc300000, 0x0000000700000000)
  object space 21504K, 28% used [0x00000006fae00000,0x00000006fb409c38,0x00000006fc300000)
Event: 15.005 GC heap after
Heap after GC invocations=18 (full 4):
 PSYoungGen      total 843776K, used 0K [0x00000007aaa80000, 0x00000007eb900000, 0x0000000800000000)
  eden space 620032K, 0% used [0x00000007aaa80000,0x00000007aaa80000,0x00000007d0800000)
  from space 223744K, 0% used [0x00000007dde80000,0x00000007dde80000,0x00000007eb900000)
  to   space 219648K, 0% used [0x00000007d0800000,0x00000007d0800000,0x00000007dde80000)
 ParOldGen       total 767488K, used 452085K [0x0000000700000000, 0x000000072ed80000, 0x00000007aaa80000)
  object space 767488K, 58% used [0x0000000700000000,0x000000071b97d420,0x000000072ed80000)
 PSPermGen       total 21504K, used 6182K [0x00000006fae00000, 0x00000006fc300000, 0x0000000700000000)
  object space 21504K, 28% used [0x00000006fae00000,0x00000006fb409b78,0x00000006fc300000)
}
Event: 15.563 GC heap before
{Heap before GC invocations=19 (full 4):
 PSYoungGen      total 843776K, used 620032K [0x00000007aaa80000, 0x00000007eb900000, 0x0000000800000000)
  eden space 620032K, 100% used [0x00000007aaa80000,0x00000007d0800000,0x00000007d0800000)
  from space 223744K, 0% used [0x00000007dde80000,0x00000007dde80000,0x00000007eb900000)
  to   space 219648K, 0% used [0x00000007d0800000,0x00000007d0800000,0x00000007dde80000)
 ParOldGen       total 767488K, used 452085K [0x0000000700000000, 0x000000072ed80000, 0x00000007aaa80000)
  object space 767488K, 58% used [0x0000000700000000,0x000000071b97d420,0x000000072ed80000)
 PSPermGen       total 21504K, used 6197K [0x00000006fae00000, 0x00000006fc300000, 0x0000000700000000)
  object space 21504K, 28% used [0x00000006fae00000,0x00000006fb40d678,0x00000006fc300000)
Event: 15.652 GC heap after
Heap after GC invocations=19 (full 4):
 PSYoungGen      total 839680K, used 97777K [0x00000007aaa80000, 0x00000007f0b00000, 0x0000000800000000)
  eden space 620032K, 0% used [0x00000007aaa80000,0x00000007aaa80000,0x00000007d0800000)
  from space 219648K, 44% used [0x00000007d0800000,0x00000007d677c650,0x00000007dde80000)
  to   space 210944K, 0% used [0x00000007e3d00000,0x00000007e3d00000,0x00000007f0b00000)
 ParOldGen       total 767488K, used 452085K [0x0000000700000000, 0x000000072ed80000, 0x00000007aaa80000)
  object space 767488K, 58% used [0x0000000700000000,0x000000071b97d420,0x000000072ed80000)
 PSPermGen       total 21504K, used 6197K [0x00000006fae00000, 0x00000006fc300000, 0x0000000700000000)
  object space 21504K, 28% used [0x00000006fae00000,0x00000006fb40d678,0x00000006fc300000)
}

Deoptimization events (10 events):
Event: 11.309 Thread 0x000000000216e800 Uncommon trap: reason=class_check action=maybe_recompile pc=0x0000000002668cbc method=com.android.dx.util.BitIntSet.merge(Lcom/android/dx/util/IntSet;)V @ 1
Event: 11.309 Thread 0x000000000216e800 Uncommon trap: reason=class_check action=maybe_recompile pc=0x000000000249a034 method=com.android.dx.ssa.back.InterferenceGraph.mergeInterferenceSet(ILcom/android/dx/util/IntSet;)V @ 20
Event: 11.309 Thread 0x000000000216e800 Uncommon trap: reason=class_check action=maybe_recompile pc=0x0000000002668cbc method=com.android.dx.util.BitIntSet.merge(Lcom/android/dx/util/IntSet;)V @ 1
Event: 11.309 Thread 0x000000000216e800 Uncommon trap: reason=class_check action=maybe_recompile pc=0x000000000249a034 method=com.android.dx.ssa.back.InterferenceGraph.mergeInterferenceSet(ILcom/android/dx/util/IntSet;)V @ 20
Event: 11.309 Thread 0x000000000216e800 Uncommon trap: reason=class_check action=maybe_recompile pc=0x0000000002668cbc method=com.android.dx.util.BitIntSet.merge(Lcom/android/dx/util/IntSet;)V @ 1
Event: 11.316 Thread 0x000000000216e800 Uncommon trap: reason=class_check action=maybe_recompile pc=0x00000000025cf990 method=com.android.dx.ssa.back.InterferenceGraph.mergeInterferenceSet(ILcom/android/dx/util/IntSet;)V @ 20
Event: 11.316 Thread 0x000000000216e800 Uncommon trap: reason=class_check action=maybe_recompile pc=0x0000000002668cbc method=com.android.dx.util.BitIntSet.merge(Lcom/android/dx/util/IntSet;)V @ 1
Event: 11.316 Thread 0x000000000216e800 Uncommon trap: reason=class_check action=maybe_recompile pc=0x000000000249a034 method=com.android.dx.ssa.back.InterferenceGraph.mergeInterferenceSet(ILcom/android/dx/util/IntSet;)V @ 20
Event: 11.316 Thread 0x000000000216e800 Uncommon trap: reason=class_check action=maybe_recompile pc=0x00000000026682d4 method=com.android.dx.ssa.back.InterferenceGraph.mergeInterferenceSet(ILcom/android/dx/util/IntSet;)V @ 20
Event: 11.326 Thread 0x0000000011045800 Uncommon trap: reason=class_check action=maybe_recompile pc=0x0000000002629438 method=com.android.dx.ssa.back.InterferenceGraph.mergeInterferenceSet(ILcom/android/dx/util/IntSet;)V @ 20

Internal exceptions (10 events):
Event: 1.473 Thread 0x0000000011045800 Implicit null exception at 0x00000000024ecf0d to 0x00000000024ee7b1
Event: 2.261 Thread 0x000000000216e800 Threw 0x00000007aaf7d7e0 at C:\re\jdk7u79\2331\hotspot\src\share\vm\prims\jvm.cpp:1304
Event: 4.140 Thread 0x000000000216e800 Implicit null exception at 0x000000000266d784 to 0x000000000267287d
Event: 4.233 Thread 0x000000000216e800 Threw 0x00000007ae5b4270 at C:\re\jdk7u79\2331\hotspot\src\share\vm\prims\jvm.cpp:1304
Event: 6.338 Thread 0x00000000110af000 Implicit null exception at 0x000000000271e793 to 0x0000000002720699
Event: 7.394 Thread 0x000000001105f800 Threw 0x00000007b7a8af78 at C:\re\jdk7u79\2331\hotspot\src\share\vm\prims\jvm.cpp:1304
Event: 8.529 Thread 0x00000000110af000 Implicit null exception at 0x00000000025bc4fc to 0x00000000025bd651
Event: 8.639 Thread 0x000000000216e800 Threw 0x00000007b0f5db38 at C:\re\jdk7u79\2331\hotspot\src\share\vm\prims\jvm.cpp:1304
Event: 11.093 Thread 0x00000000110af000 Threw 0x00000007aec35f50 at C:\re\jdk7u79\2331\hotspot\src\share\vm\prims\jvm.cpp:1304
Event: 11.118 Thread 0x000000000216e800 Threw 0x00000007af93dea0 at C:\re\jdk7u79\2331\hotspot\src\share\vm\prims\jvm.cpp:1304

Events (10 events):
Event: 13.285 Thread 0x000000000f57b000 flushing nmethod 0x0000000002747550
Event: 13.561 Executing VM operation: ParallelGCFailedAllocation
Event: 15.005 Executing VM operation: ParallelGCFailedAllocation done
Event: 15.042 Thread 0x000000000f581800 flushing nmethod 0x000000000255fe50
Event: 15.087 Thread 0x000000000f57b000 flushing nmethod 0x00000000025bc0d0
Event: 15.092 Thread 0x000000000f581800 flushing nmethod 0x000000000263e610
Event: 15.563 Executing VM operation: ParallelGCFailedAllocation
Event: 15.652 Executing VM operation: ParallelGCFailedAllocation done
Event: 15.662 Thread 0x000000000f57b000 flushing nmethod 0x0000000002592110
Event: 15.720 Thread 0x000000000f57b000 flushing nmethod 0x000000000281ffd0


Dynamic libraries:
0x000000013fa70000 - 0x000000013faa3000 	C:\Program Files\Java\jdk1.7.0_79\bin\java.exe
0x00000000774e0000 - 0x000000007768a000 	C:\Windows\SYSTEM32\ntdll.dll
0x00000000772c0000 - 0x00000000773df000 	C:\Windows\system32\kernel32.dll
0x000007fefd550000 - 0x000007fefd5ba000 	C:\Windows\system32\KERNELBASE.dll
0x000007fefe960000 - 0x000007fefea3b000 	C:\Windows\system32\ADVAPI32.dll
0x000007feff2e0000 - 0x000007feff37f000 	C:\Windows\system32\msvcrt.dll
0x000007feff7d0000 - 0x000007feff7ef000 	C:\Windows\SYSTEM32\sechost.dll
0x000007feff1b0000 - 0x000007feff2dd000 	C:\Windows\system32\RPCRT4.dll
0x00000000773e0000 - 0x00000000774da000 	C:\Windows\system32\USER32.dll
0x000007feff420000 - 0x000007feff487000 	C:\Windows\system32\GDI32.dll
0x000007fefed40000 - 0x000007fefed4e000 	C:\Windows\system32\LPK.dll
0x000007fefec70000 - 0x000007fefed3a000 	C:\Windows\system32\USP10.dll
0x000007fefbdb0000 - 0x000007fefbfa4000 	C:\Windows\WinSxS\amd64_microsoft.windows.common-controls_6595b64144ccf1df_6.0.7601.18837_none_fa3b1e3d17594757\COMCTL32.dll
0x000007fefdb00000 - 0x000007fefdb71000 	C:\Windows\system32\SHLWAPI.dll
0x000007feff180000 - 0x000007feff1ae000 	C:\Windows\system32\IMM32.DLL
0x000007fefef90000 - 0x000007feff099000 	C:\Windows\system32\MSCTF.dll
0x0000000050000000 - 0x00000000500d2000 	C:\Program Files\Java\jdk1.7.0_79\jre\bin\msvcr100.dll
0x0000000050a60000 - 0x0000000051235000 	C:\Program Files\Java\jdk1.7.0_79\jre\bin\server\jvm.dll
0x000007fef05a0000 - 0x000007fef05a9000 	C:\Windows\system32\WSOCK32.dll
0x000007fefdb80000 - 0x000007fefdbcd000 	C:\Windows\system32\WS2_32.dll
0x000007feff7c0000 - 0x000007feff7c8000 	C:\Windows\system32\NSI.dll
0x000007fefb360000 - 0x000007fefb39b000 	C:\Windows\system32\WINMM.dll
0x00000000776a0000 - 0x00000000776a7000 	C:\Windows\system32\PSAPI.DLL
0x0000000070490000 - 0x000000007049f000 	C:\Program Files\Java\jdk1.7.0_79\jre\bin\verify.dll
0x0000000070460000 - 0x0000000070488000 	C:\Program Files\Java\jdk1.7.0_79\jre\bin\java.dll
0x0000000070420000 - 0x0000000070435000 	C:\Program Files\Java\jdk1.7.0_79\jre\bin\zip.dll
0x0000000070440000 - 0x000000007045a000 	C:\Program Files\Java\jdk1.7.0_79\jre\bin\net.dll
0x000007fefca00000 - 0x000007fefca55000 	C:\Windows\system32\mswsock.dll
0x000007fefc9f0000 - 0x000007fefc9f7000 	C:\Windows\System32\wship6.dll
0x0000000052bf0000 - 0x0000000052c01000 	C:\Program Files\Java\jdk1.7.0_79\jre\bin\nio.dll
0x000007fef8840000 - 0x000007fef8965000 	C:\Windows\system32\dbghelp.dll

VM Arguments:
jvm_args: -Xmx4g -Dfile.encoding=windows-1252 -Duser.country=IN -Duser.language=en -Duser.variant 
java_command: com.android.dx.command.Main --dex --num-threads=4 --multi-dex --main-dex-list D:\Magesh Android\Projects\My Blood\Prototype\app\build\intermediates\multi-dex\debug\maindexlist.txt --output D:\Magesh Android\Projects\My Blood\Prototype\app\build\intermediates\dex\debug D:\Magesh Android\Projects\My Blood\Prototype\app\build\intermediates\multi-dex\debug\allclasses.jar
Launcher Type: SUN_STANDARD

Environment Variables:
JAVA_HOME=C:\Progra~1\Java\jdk1.7.0_79
PATH=C:\Program Files (x86)\AMD APP\bin\x86_64;C:\Program Files (x86)\AMD APP\bin\x86;C:\Program Files\Common Files\Microsoft Shared\Windows Live;C:\Program Files (x86)\Common Files\Microsoft Shared\Windows Live;C:\Windows\system32;C:\Windows;C:\Windows\System32\Wbem;C:\Windows\System32\WindowsPowerShell\v1.0\;C:\Progra~1\Java\jdk1.7.0_79\bin;C:\Users\mmedikonda\AppData\Local\Android\sdk\tools;C:\Users\mmedikonda\AppData\Local\Android\sdk\platform-tools;C:\Program Files\Microsoft SQL Server\Client SDK\ODBC\110\Tools\Binn\;C:\Program Files (x86)\Microsoft SQL Server\120\Tools\Binn\;C:\Program Files\Microsoft SQL Server\120\Tools\Binn\;C:\Program Files\Microsoft SQL Server\120\DTS\Binn\;C:\Program Files (x86)\Microsoft SQL Server\120\Tools\Binn\ManagementStudio\;C:\Program Files (x86)\Microsoft SQL Server\120\DTS\Binn\;C:\Program Files (x86)\Windows Kits\8.1\Windows Performance Toolkit\;C:\Program Files\Microsoft SQL Server\110\Tools\Binn\;C:\Program Files (x86)\Microsoft Visual Studio 12.0\Common7\IDE\PrivateAssemblies\;C:\Windows\CCM;C:\Windows\CCM;C:\Windows\CCM;C:\Program Files (x86)\Windows Live\Shared;C:\Program Files\Microsoft SQL Server\130\Tools\Binn\;C:\Program Files (x86)\Common Files\lenovo\easyplussdk\bin;C:\Windows\system32\config\systemprofile\.dnx\bin;C:\Program Files\Microsoft DNX\Dnvm\;C:\Program Files\TortoiseSVN\bin;C:\Program Files (x86)\VisualSVN\bin;C:\Program Files\MongoDB\Server\3.2\bin;C:\Users\mgundappan\.dnx\bin
USERNAME=mgundappan
OS=Windows_NT
PROCESSOR_IDENTIFIER=Intel64 Family 6 Model 60 Stepping 3, GenuineIntel



---------------  S Y S T E M  ---------------

OS: Windows 7 , 64 bit Build 7601 Service Pack 1

CPU:total 4 (2 cores per cpu, 2 threads per core) family 6 model 60 stepping 3, cmov, cx8, fxsr, mmx, sse, sse2, sse3, ssse3, sse4.1, sse4.2, popcnt, avx, avx2, aes, erms, ht, tsc, tscinvbit

Memory: 4k page, physical 8303572k(1664424k free), swap 16605288k(6824704k free)

vm_info: Java HotSpot(TM) 64-Bit Server VM (24.79-b02) for windows-amd64 JRE (1.7.0_79-b15), built on Apr 10 2015 12:36:16 by "java_re" with unknown MS VC++:1600

time: Tue Jun 14 15:47:24 2016
elapsed time: 15 seconds

