#
# A fatal error has been detected by the Java Runtime Environment:
#
#  EXCEPTION_ACCESS_VIOLATION (0xc0000005) at pc=0x0000000050b4a730, pid=7796, tid=6068
#
# JRE version: Java(TM) SE Runtime Environment (7.0_79-b15) (build 1.7.0_79-b15)
# Java VM: Java HotSpot(TM) 64-Bit Server VM (24.79-b02 mixed mode windows-amd64 compressed oops)
# Problematic frame:
# V  [jvm.dll+0x43a730]
#
# Failed to write core dump. Minidumps are not enabled by default on client versions of Windows
#
# If you would like to submit a bug report, please visit:
#   http://bugreport.java.com/bugreport/crash.jsp
#

---------------  T H R E A D  ---------------

Current thread (0x0000000008508800):  JavaThread "C2 CompilerThread0" daemon [_thread_in_native, id=6068, stack(0x0000000009b70000,0x0000000009c70000)]

siginfo: ExceptionCode=0xc0000005, reading address 0x000000000b85b870

Registers:
RAX=0x000000000b05b850, RBX=0x0000000000000008, RCX=0x0000000000100004, RDX=0x000000000a22ccc4
RSP=0x0000000009c6c7d0, RBP=0x0000000009c6c881, RSI=0x0000000000000002, RDI=0x000000000acb04f0
R8 =0x000000000acb0638, R9 =0x0000000000000002, R10=0x0000000000000010, R11=0x0000000009c6ca90
R12=0x0000000009c6ca90, R13=0x0000000000000000, R14=0x000000000adb12b0, R15=0x0000000000000010
RIP=0x0000000050b4a730, EFLAGS=0x0000000000010202

Top of Stack: (sp=0x0000000009c6c7d0)
0x0000000009c6c7d0:   000000000adb1400 0000000009c6cc40
0x0000000009c6c7e0:   000000000acb0d00 0000000000000006
0x0000000009c6c7f0:   0000000009c6c828 0000000009c6c910
0x0000000009c6c800:   000000000acb0ab8 0000000009c6c970
0x0000000009c6c810:   0000000000000001 0000000000000008
0x0000000009c6c820:   0000000000000005 000000000218e350
0x0000000009c6c830:   0000000000000004 000000000a372a50
0x0000000009c6c840:   0000000000000000 00000000507bcf17
0x0000000009c6c850:   000000000218e350 000000000218e350
0x0000000009c6c860:   0000000000220c68 0000000000007fd8
0x0000000009c6c870:   000000000218e350 0000000000000004
0x0000000009c6c880:   000000000a372a30 0000000000000000
0x0000000009c6c890:   0000000000003dc0 0000000000000001
0x0000000009c6c8a0:   0000000009c6cc40 0000000000000000
0x0000000009c6c8b0:   00000000000006d8 0000000009c6ca90
0x0000000009c6c8c0:   00000000000000db 000000000218e350 

Instructions: (pc=0x0000000050b4a730)
0x0000000050b4a710:   3c 4c 8b 47 08 4c 8b 65 67 44 8b d0 0f 1f 40 00
0x0000000050b4a720:   49 8b 10 48 85 d2 74 18 8b 4a 28 49 8b 44 24 50
0x0000000050b4a730:   4c 39 34 c8 75 0a 48 83 7a 10 00 74 03 41 ff c1
0x0000000050b4a740:   49 83 c0 08 49 ff ca 75 d7 4d 8d 66 10 48 8b 45 


Register to memory mapping:

RAX=0x000000000b05b850 is an unknown value
RBX=0x0000000000000008 is an unknown value
RCX=0x0000000000100004 is an unknown value
RDX=0x000000000a22ccc4 is an unknown value
RSP=0x0000000009c6c7d0 is pointing into the stack for thread: 0x0000000008508800
RBP=0x0000000009c6c881 is pointing into the stack for thread: 0x0000000008508800
RSI=0x0000000000000002 is an unknown value
RDI=0x000000000acb04f0 is an unknown value
R8 =0x000000000acb0638 is an unknown value
R9 =0x0000000000000002 is an unknown value
R10=0x0000000000000010 is an unknown value
R11=0x0000000009c6ca90 is pointing into the stack for thread: 0x0000000008508800
R12=0x0000000009c6ca90 is pointing into the stack for thread: 0x0000000008508800
R13=0x0000000000000000 is an unknown value
R14=0x000000000adb12b0 is an unknown value
R15=0x0000000000000010 is an unknown value


Stack: [0x0000000009b70000,0x0000000009c70000],  sp=0x0000000009c6c7d0,  free space=1009k
Native frames: (J=compiled Java code, j=interpreted, Vv=VM code, C=native code)
V  [jvm.dll+0x43a730]


Current CompileTask:
C2:   1901  177             com.android.dx.ssa.Dominators::run (506 bytes)


---------------  P R O C E S S  ---------------

Java Threads: ( => current thread )
  0x000000000a342000 JavaThread "pool-1-thread-4" [_thread_blocked, id=5184, stack(0x000000000abb0000,0x000000000acb0000)]
  0x000000000a341800 JavaThread "pool-1-thread-3" [_thread_blocked, id=6844, stack(0x000000000a950000,0x000000000aa50000)]
  0x000000000a2c9800 JavaThread "pool-1-thread-2" [_thread_blocked, id=2224, stack(0x0000000009f40000,0x000000000a040000)]
  0x000000000a2c0000 JavaThread "pool-2-thread-1" [_thread_blocked, id=7184, stack(0x000000000aa60000,0x000000000ab60000)]
  0x000000000a2c3000 JavaThread "pool-1-thread-1" [_thread_blocked, id=5816, stack(0x000000000a840000,0x000000000a940000)]
  0x000000000850c800 JavaThread "Service Thread" daemon [_thread_blocked, id=6604, stack(0x0000000009c70000,0x0000000009d70000)]
  0x000000000850b800 JavaThread "C2 CompilerThread1" daemon [_thread_blocked, id=7180, stack(0x0000000009df0000,0x0000000009ef0000)]
=>0x0000000008508800 JavaThread "C2 CompilerThread0" daemon [_thread_in_native, id=6068, stack(0x0000000009b70000,0x0000000009c70000)]
  0x0000000008505800 JavaThread "Attach Listener" daemon [_thread_blocked, id=1252, stack(0x0000000009a70000,0x0000000009b70000)]
  0x0000000008500800 JavaThread "Signal Dispatcher" daemon [_thread_blocked, id=4284, stack(0x00000000098b0000,0x00000000099b0000)]
  0x00000000084a8000 JavaThread "Finalizer" daemon [_thread_blocked, id=6116, stack(0x0000000009480000,0x0000000009580000)]
  0x000000000849f000 JavaThread "Reference Handler" daemon [_thread_blocked, id=7448, stack(0x00000000096b0000,0x00000000097b0000)]
  0x000000000213e800 JavaThread "main" [_thread_blocked, id=4592, stack(0x0000000002250000,0x0000000002350000)]

Other Threads:
  0x000000000849b800 VMThread [stack: 0x0000000009580000,0x0000000009680000] [id=4380]
  0x0000000008516800 WatcherThread [stack: 0x000000000a050000,0x000000000a150000] [id=5080]

VM state:at safepoint (normal execution)

VM Mutex/Monitor currently owned by a thread:  ([mutex/lock_event])
[0x000000000213cbc0] Threads_lock - owner thread: 0x000000000849b800
[0x000000000213d0c0] Heap_lock - owner thread: 0x000000000a341800

Heap
 PSYoungGen      total 38400K, used 33280K [0x00000000eaa80000, 0x00000000ed500000, 0x0000000100000000)
  eden space 33280K, 100% used [0x00000000eaa80000,0x00000000ecb00000,0x00000000ecb00000)
  from space 5120K, 0% used [0x00000000ed000000,0x00000000ed000000,0x00000000ed500000)
  to   space 5120K, 0% used [0x00000000ecb00000,0x00000000ecb00000,0x00000000ed000000)
 ParOldGen       total 86528K, used 0K [0x00000000c0000000, 0x00000000c5480000, 0x00000000eaa80000)
  object space 86528K, 0% used [0x00000000c0000000,0x00000000c0000000,0x00000000c5480000)
 PSPermGen       total 21504K, used 5746K [0x00000000bae00000, 0x00000000bc300000, 0x00000000c0000000)
  object space 21504K, 26% used [0x00000000bae00000,0x00000000bb39cbb8,0x00000000bc300000)

Card table byte_map: [0x0000000005410000,0x0000000005640000] byte_map_base: 0x0000000004e39000

Polling page: 0x0000000000330000

Code Cache  [0x0000000002350000, 0x00000000025c0000, 0x0000000005350000)
 total_blobs=426 nmethods=189 adapters=189 free_code_cache=48407Kb largest_free_block=49539136

Compilation events (10 events):
Event: 1.433 Thread 0x000000000850b800 nmethod 185 0x000000000240e9d0 code [0x000000000240ec80, 0x000000000240fca8]
Event: 1.433 Thread 0x000000000850b800  186             java.util.Arrays::copyOfRange (63 bytes)
Event: 1.435 Thread 0x000000000850b800 nmethod 186 0x00000000023eca50 code [0x00000000023ecba0, 0x00000000023ecdb8]
Event: 1.435 Thread 0x000000000850b800  187             com.android.dx.ssa.SsaMethod$2::addToUses (48 bytes)
Event: 1.447 Thread 0x000000000850b800 nmethod 187 0x000000000240b890 code [0x000000000240ba40, 0x000000000240c218]
Event: 1.447 Thread 0x000000000850b800  188             java.util.Arrays::hashCode (56 bytes)
Event: 1.462 Thread 0x000000000850b800 nmethod 188 0x0000000002408dd0 code [0x0000000002408f20, 0x0000000002409078]
Event: 1.462 Thread 0x000000000850b800  189             com.android.dx.rop.code.SourcePosition::getLine (5 bytes)
Event: 1.462 Thread 0x000000000850b800 nmethod 189 0x0000000002408bd0 code [0x0000000002408d00, 0x0000000002408d58]
Event: 1.462 Thread 0x000000000850b800  190             com.android.dx.ssa.DeadCodeRemover::pruneDeadInstructions (246 bytes)

GC Heap History (0 events):
No events

Deoptimization events (4 events):
Event: 0.958 Thread 0x000000000a341800 Uncommon trap: reason=null_check action=make_not_entrant pc=0x00000000023cdfcc method=com.android.dx.rop.code.LocalItem.equals(Ljava/lang/Object;)Z @ 1
Event: 1.382 Thread 0x000000000213e800 Uncommon trap: reason=unreached action=reinterpret pc=0x00000000023f4c30 method=com.android.dx.ssa.SsaConverter.placePhiFunctions(Lcom/android/dx/ssa/SsaMethod;Lcom/android/dx/ssa/LocalVariableInfo;I)V @ 327
Event: 1.382 Thread 0x000000000213e800 Uncommon trap: reason=null_check action=make_not_entrant pc=0x00000000023cf464 method=com.android.dx.rop.code.LocalItem.equals(Ljava/lang/Object;)Z @ 1
Event: 1.382 Thread 0x000000000213e800 Uncommon trap: reason=unreached action=reinterpret pc=0x000000000240961c method=com.android.dx.ssa.SsaRenamer$BlockRenamer.process()V @ 59

Internal exceptions (10 events):
Event: 1.372 Thread 0x000000000213e800 Threw 0x00000000ec4c0be0 at C:\re\jdk7u79\2331\hotspot\src\share\vm\prims\jvm.cpp:1304
Event: 1.372 Thread 0x000000000213e800 Threw 0x00000000ec4c3038 at C:\re\jdk7u79\2331\hotspot\src\share\vm\prims\jvm.cpp:1304
Event: 1.374 Thread 0x000000000213e800 Threw 0x00000000ec4dcb18 at C:\re\jdk7u79\2331\hotspot\src\share\vm\prims\jvm.cpp:1304
Event: 1.375 Thread 0x000000000213e800 Threw 0x00000000ec4e4258 at C:\re\jdk7u79\2331\hotspot\src\share\vm\prims\jvm.cpp:1304
Event: 1.375 Thread 0x000000000213e800 Threw 0x00000000ec4e6918 at C:\re\jdk7u79\2331\hotspot\src\share\vm\prims\jvm.cpp:1304
Event: 1.378 Thread 0x000000000213e800 Threw 0x00000000ec504508 at C:\re\jdk7u79\2331\hotspot\src\share\vm\prims\jvm.cpp:1304
Event: 1.382 Thread 0x000000000213e800 Implicit null exception at 0x00000000023cecca to 0x00000000023cf439
Event: 1.451 Thread 0x000000000a341800 Threw 0x00000000ec79f410 at C:\re\jdk7u79\2331\hotspot\src\share\vm\prims\jvm.cpp:1304
Event: 1.452 Thread 0x000000000a341800 Threw 0x00000000ec7a4cd0 at C:\re\jdk7u79\2331\hotspot\src\share\vm\prims\jvm.cpp:1304
Event: 1.452 Thread 0x000000000a341800 Threw 0x00000000ec7aa240 at C:\re\jdk7u79\2331\hotspot\src\share\vm\prims\jvm.cpp:1304

Events (10 events):
Event: 1.382 Thread 0x000000000213e800 Uncommon trap: trap_request=0xffffffad fr.pc=0x000000000240961c
Event: 1.382 Thread 0x000000000213e800 DEOPT PACKING pc=0x000000000240961c sp=0x000000000234e760
Event: 1.382 Thread 0x000000000213e800 DEOPT UNPACKING pc=0x00000000023875a4 sp=0x000000000234e728 mode 2
Event: 1.451 loading class 0x000000000a2c8a80
Event: 1.451 loading class 0x000000000a2c8a80 done
Event: 1.452 loading class 0x000000000a421220
Event: 1.452 loading class 0x000000000a421220 done
Event: 1.452 loading class 0x000000000a4211e0
Event: 1.452 loading class 0x000000000a4211e0 done
Event: 1.491 Executing VM operation: ParallelGCFailedAllocation


Dynamic libraries:
0x000000013fee0000 - 0x000000013ff13000 	C:\Program Files\Java\jdk1.7.0_79\bin\java.exe
0x0000000077810000 - 0x00000000779ba000 	C:\Windows\SYSTEM32\ntdll.dll
0x00000000775f0000 - 0x000000007770f000 	C:\Windows\system32\kernel32.dll
0x000007fefd5e0000 - 0x000007fefd64a000 	C:\Windows\system32\KERNELBASE.dll
0x000007feff590000 - 0x000007feff66b000 	C:\Windows\system32\ADVAPI32.dll
0x000007feff1e0000 - 0x000007feff27f000 	C:\Windows\system32\msvcrt.dll
0x000007fefd950000 - 0x000007fefd96f000 	C:\Windows\SYSTEM32\sechost.dll
0x000007fefee70000 - 0x000007fefef9d000 	C:\Windows\system32\RPCRT4.dll
0x0000000077710000 - 0x000000007780a000 	C:\Windows\system32\USER32.dll
0x000007feff850000 - 0x000007feff8b7000 	C:\Windows\system32\GDI32.dll
0x000007feff500000 - 0x000007feff50e000 	C:\Windows\system32\LPK.dll
0x000007fefefa0000 - 0x000007feff06a000 	C:\Windows\system32\USP10.dll
0x000007fefc0e0000 - 0x000007fefc2d4000 	C:\Windows\WinSxS\amd64_microsoft.windows.common-controls_6595b64144ccf1df_6.0.7601.18837_none_fa3b1e3d17594757\COMCTL32.dll
0x000007feff070000 - 0x000007feff0e1000 	C:\Windows\system32\SHLWAPI.dll
0x000007feff940000 - 0x000007feff96e000 	C:\Windows\system32\IMM32.DLL
0x000007feffa10000 - 0x000007feffb19000 	C:\Windows\system32\MSCTF.dll
0x0000000050050000 - 0x0000000050122000 	C:\Program Files\Java\jdk1.7.0_79\jre\bin\msvcr100.dll
0x0000000050710000 - 0x0000000050ee5000 	C:\Program Files\Java\jdk1.7.0_79\jre\bin\server\jvm.dll
0x000007feec0e0000 - 0x000007feec0e9000 	C:\Windows\system32\WSOCK32.dll
0x000007feff0f0000 - 0x000007feff13d000 	C:\Windows\system32\WS2_32.dll
0x000007feff410000 - 0x000007feff418000 	C:\Windows\system32\NSI.dll
0x000007fefb6c0000 - 0x000007fefb6fb000 	C:\Windows\system32\WINMM.dll
0x00000000779e0000 - 0x00000000779e7000 	C:\Windows\system32\PSAPI.DLL
0x000000005dbc0000 - 0x000000005dbcf000 	C:\Program Files\Java\jdk1.7.0_79\jre\bin\verify.dll
0x00000000506e0000 - 0x0000000050708000 	C:\Program Files\Java\jdk1.7.0_79\jre\bin\java.dll
0x0000000059780000 - 0x0000000059795000 	C:\Program Files\Java\jdk1.7.0_79\jre\bin\zip.dll
0x0000000058de0000 - 0x0000000058dfa000 	C:\Program Files\Java\jdk1.7.0_79\jre\bin\net.dll
0x000007fefcd30000 - 0x000007fefcd85000 	C:\Windows\system32\mswsock.dll
0x000007fefcd20000 - 0x000007fefcd27000 	C:\Windows\System32\wship6.dll
0x00000000506c0000 - 0x00000000506d1000 	C:\Program Files\Java\jdk1.7.0_79\jre\bin\nio.dll
0x000007fef8ce0000 - 0x000007fef8e05000 	C:\Windows\system32\dbghelp.dll

VM Arguments:
jvm_args: -Xmx1024M -Dfile.encoding=windows-1252 -Duser.country=IN -Duser.language=en -Duser.variant 
java_command: com.android.dx.command.Main --dex --num-threads=4 --output D:\Magesh Android\Projects\My Blood\Prototype\app\build\intermediates\pre-dexed\debug\classes-0f09999ae85d509da7b22948faa754a9415edb8c.jar D:\Magesh Android\Projects\My Blood\Prototype\app\build\intermediates\exploded-aar\com.google.android.gms\play-services-nearby\8.4.0\jars\classes.jar
Launcher Type: SUN_STANDARD

Environment Variables:
JAVA_HOME=C:\Progra~1\Java\jdk1.7.0_79
PATH=C:\Program Files (x86)\AMD APP\bin\x86_64;C:\Program Files (x86)\AMD APP\bin\x86;C:\Program Files\Common Files\Microsoft Shared\Windows Live;C:\Program Files (x86)\Common Files\Microsoft Shared\Windows Live;C:\Windows\system32;C:\Windows;C:\Windows\System32\Wbem;C:\Windows\System32\WindowsPowerShell\v1.0\;C:\Progra~1\Java\jdk1.7.0_79\bin;C:\Users\mmedikonda\AppData\Local\Android\sdk\tools;C:\Users\mmedikonda\AppData\Local\Android\sdk\platform-tools;C:\Program Files\Microsoft SQL Server\Client SDK\ODBC\110\Tools\Binn\;C:\Program Files (x86)\Microsoft SQL Server\120\Tools\Binn\;C:\Program Files\Microsoft SQL Server\120\Tools\Binn\;C:\Program Files\Microsoft SQL Server\120\DTS\Binn\;C:\Program Files (x86)\Microsoft SQL Server\120\Tools\Binn\ManagementStudio\;C:\Program Files (x86)\Microsoft SQL Server\120\DTS\Binn\;C:\Program Files (x86)\Windows Kits\8.1\Windows Performance Toolkit\;C:\Program Files\Microsoft SQL Server\110\Tools\Binn\;C:\Program Files (x86)\Microsoft Visual Studio 12.0\Common7\IDE\PrivateAssemblies\;C:\Windows\CCM;C:\Windows\CCM;C:\Windows\CCM;C:\Program Files (x86)\Windows Live\Shared;C:\Program Files\Microsoft SQL Server\130\Tools\Binn\;C:\Program Files (x86)\Common Files\lenovo\easyplussdk\bin;C:\Windows\system32\config\systemprofile\.dnx\bin;C:\Program Files\Microsoft DNX\Dnvm\;C:\Program Files\TortoiseSVN\bin;C:\Program Files (x86)\VisualSVN\bin;C:\Program Files\MongoDB\Server\3.2\bin;C:\Users\mgundappan\.dnx\bin
USERNAME=mgundappan
OS=Windows_NT
PROCESSOR_IDENTIFIER=Intel64 Family 6 Model 60 Stepping 3, GenuineIntel



---------------  S Y S T E M  ---------------

OS: Windows 7 , 64 bit Build 7601 Service Pack 1

CPU:total 4 (2 cores per cpu, 2 threads per core) family 6 model 60 stepping 3, cmov, cx8, fxsr, mmx, sse, sse2, sse3, ssse3, sse4.1, sse4.2, popcnt, avx, avx2, aes, erms, ht, tsc, tscinvbit

Memory: 4k page, physical 8303572k(1080876k free), swap 16605288k(7745544k free)

vm_info: Java HotSpot(TM) 64-Bit Server VM (24.79-b02) for windows-amd64 JRE (1.7.0_79-b15), built on Apr 10 2015 12:36:16 by "java_re" with unknown MS VC++:1600

time: Sat Jun 11 14:01:14 2016
elapsed time: 1 seconds

